Log file open, 01/18/20 19:49:36
LogWindows: Failed to load 'aqProf.dll' (GetLastError=126)
LogWindows: File 'aqProf.dll' does not exist
LogWindows: Failed to load 'VtuneApi.dll' (GetLastError=126)
LogWindows: File 'VtuneApi.dll' does not exist
LogWindows: Failed to load 'VtuneApi32e.dll' (GetLastError=126)
LogWindows: File 'VtuneApi32e.dll' does not exist
LogConsoleResponse: Display: Failed to find resolution value strings in scalability ini. Falling back to default.
LogPakFile: Registered encryption key '00000000000000000000000000000000': 0 pak files mounted, 0 remain pending
LogPakFile: Display: Found Pak file ../../../FPSGame/Content/Paks/FPSGame-WindowsNoEditor.pak attempting to mount.
LogPakFile: Display: Mounting pak file ../../../FPSGame/Content/Paks/FPSGame-WindowsNoEditor.pak.
LogPlatformFile: Not using cached read wrapper
LogTaskGraph: Started task graph with 5 named threads and 11 total threads with 3 sets of task threads.
LogStats: Stats thread started at 2.920130
LogD3D11RHI: Loaded GFSDK_Aftermath_Lib.x64.dll
LogICUInternationalization: ICU TimeZone Detection - Raw Offset: +5:30, Platform Override: ''
LogPluginManager: Mounting plugin Paper2D
LogPluginManager: Mounting plugin AISupport
LogPluginManager: Mounting plugin LightPropagationVolume
LogPluginManager: Mounting plugin AssetManagerEditor
LogPluginManager: Mounting plugin CryptoKeys
LogPluginManager: Mounting plugin FacialAnimation
LogPluginManager: Mounting plugin MeshEditor
LogPluginManager: Mounting plugin EditableMesh
LogPluginManager: Mounting plugin DatasmithContent
LogPluginManager: Mounting plugin VariantManagerContent
LogPluginManager: Mounting plugin AlembicImporter
LogPluginManager: Mounting plugin GeometryCache
LogPluginManager: Mounting plugin AppleImageUtils
LogPluginManager: Mounting plugin AppleVision
LogPluginManager: Mounting plugin BackChannel
LogPluginManager: Mounting plugin CharacterAI
LogPluginManager: Mounting plugin HTML5Networking
LogPluginManager: Mounting plugin AvfMedia
LogPluginManager: Mounting plugin ImgMedia
LogPluginManager: Mounting plugin LinearTimecode
LogPluginManager: Mounting plugin MediaCompositing
LogPluginManager: Mounting plugin WmfMedia
LogPluginManager: Mounting plugin TcpMessaging
LogPluginManager: Mounting plugin UdpMessaging
LogPluginManager: Mounting plugin ActorSequence
LogPluginManager: Mounting plugin NetcodeUnitTest
LogPluginManager: Mounting plugin OnlineSubsystem
LogPluginManager: Mounting plugin OnlineSubsystemNull
LogPluginManager: Mounting plugin OnlineSubsystemUtils
LogPluginManager: Mounting plugin LauncherChunkInstaller
LogPluginManager: Mounting plugin AndroidPermission
LogPluginManager: Mounting plugin ArchVisCharacter
LogPluginManager: Mounting plugin AudioCapture
LogPluginManager: Mounting plugin CableComponent
LogPluginManager: Mounting plugin CustomMeshComponent
LogPluginManager: Mounting plugin ExampleDeviceProfileSelector
LogPluginManager: Mounting plugin LocationServicesBPLibrary
LogPluginManager: Mounting plugin MobilePatchingUtils
LogPluginManager: Mounting plugin OculusVR
LogPluginManager: Mounting plugin ProceduralMeshComponent
LogPluginManager: Mounting plugin PhysXVehicles
LogPluginManager: Mounting plugin RuntimePhysXCooking
LogPluginManager: Mounting plugin SteamVR
LogPluginManager: Mounting plugin WebMMoviePlayer
LogPluginManager: Mounting plugin WebMMedia
LogPluginManager: Mounting plugin WindowsMoviePlayer
LogStreaming: Display: Took  0.468s to configure plugins.
LogInit: Using libcurl 7.55.1-DEV
LogInit:  - built for x86_64-pc-win32
LogInit:  - supports SSL with OpenSSL/1.0.2h
LogInit:  - supports HTTP deflate (compression) using libz 1.2.8
LogInit:  - other features:
LogInit:      CURL_VERSION_SSL
LogInit:      CURL_VERSION_LIBZ
LogInit:      CURL_VERSION_IPV6
LogInit:      CURL_VERSION_ASYNCHDNS
LogInit:      CURL_VERSION_LARGEFILE
LogInit:      CURL_VERSION_IDN
LogInit:  CurlRequestOptions (configurable via config and command line):
LogInit:  - bVerifyPeer = true  - Libcurl will verify peer certificate
LogInit:  - bUseHttpProxy = false  - Libcurl will NOT use HTTP proxy
LogInit:  - bDontReuseConnections = false  - Libcurl will reuse connections
LogInit:  - MaxHostConnections = 16  - Libcurl will limit the number of connections to a host
LogInit:  - LocalHostAddr = Default
LogInit:  - BufferSize = 65536
LogInit: WinSock: version 1.1 (2.2), MaxSocks=32767, MaxUdp=65467
LogInit: Build: ++UE4+Release-4.21-CL-4613538
LogInit: Engine Version: 4.21.1-4613538+++UE4+Release-4.21
LogInit: Compatible Engine Version: 4.21.0-4541578+++UE4+Release-4.21
LogInit: Net CL: 4541578
LogInit: OS: Windows 10 (), CPU: Intel(R) Core(TM) i7-6500U CPU @ 2.50GHz, GPU: Intel(R) HD Graphics 520
LogInit: Compiled (64-bit): Nov 30 2018 04:19:12
LogInit: Compiled with Visual C++: 19.00.24215.01
LogInit: Build Configuration: Development
LogInit: Branch Name: ++UE4+Release-4.21
LogInit: Command Line: 
LogInit: Base Directory: E:/shootingGmae/FPSGame/Binaries/Win64/
LogInit: Installed Engine Build: 0
LogDevObjectVersion: Number of dev versions registered: 22
LogDevObjectVersion:   Dev-Blueprints (B0D832E4-1F89-4F0D-ACCF-7EB736FD4AA2): 10
LogDevObjectVersion:   Dev-Build (E1C64328-A22C-4D53-A36C-8E866417BD8C): 0
LogDevObjectVersion:   Dev-Core (375EC13C-06E4-48FB-B500-84F0262A717E): 2
LogDevObjectVersion:   Dev-Editor (E4B068ED-F494-42E9-A231-DA0B2E46BB41): 26
LogDevObjectVersion:   Dev-Framework (CFFC743F-43B0-4480-9391-14DF171D2073): 34
LogDevObjectVersion:   Dev-Mobile (B02B49B5-BB20-44E9-A304-32B752E40360): 2
LogDevObjectVersion:   Dev-Networking (A4E4105C-59A1-49B5-A7C5-40C4547EDFEE): 0
LogDevObjectVersion:   Dev-Online (39C831C9-5AE6-47DC-9A44-9C173E1C8E7C): 0
LogDevObjectVersion:   Dev-Physics (78F01B33-EBEA-4F98-B9B4-84EACCB95AA2): 0
LogDevObjectVersion:   Dev-Platform (6631380F-2D4D-43E0-8009-CF276956A95A): 0
LogDevObjectVersion:   Dev-Rendering (12F88B9F-8875-4AFC-A67C-D90C383ABD29): 27
LogDevObjectVersion:   Dev-Sequencer (7B5AE74C-D270-4C10-A958-57980B212A5A): 9
LogDevObjectVersion:   Dev-VR (D7296918-1DD6-4BDD-9DE2-64A83CC13884): 2
LogDevObjectVersion:   Dev-LoadTimes (C2A15278-BFE7-4AFE-6C17-90FF531DF755): 1
LogDevObjectVersion:   Private-Geometry (6EACA3D4-40EC-4CC1-B786-8BED09428FC5): 3
LogDevObjectVersion:   Dev-AnimPhys (29E575DD-E0A3-4627-9D10-D276232CDCEA): 17
LogDevObjectVersion:   Dev-Anim (AF43A65D-7FD3-4947-9873-3E8ED9C1BB05): 2
LogDevObjectVersion:   Dev-ReflectionCapture (6B266CEC-1EC7-4B8F-A30B-E4D90942FC07): 1
LogDevObjectVersion:   Dev-Automation (0DF73D61-A23F-47EA-B727-89E90C41499A): 1
LogDevObjectVersion:   FortniteMain (601D1886-AC64-4F84-AA16-D3DE0DEAC7D6): 17
LogDevObjectVersion:   Dev-Enterprise (9DFFBCD6-494F-0158-E221-12823C92A888): 4
LogDevObjectVersion:   Dev-Niagara (F2AED0AC-9AFE-416F-8664-AA7FFA26D6FC): 1
LogStreaming: Display: Took  0.028s to delete old logs.
LogInit: Presizing for max 2097152 objects, including 1 objects not considered by GC, pre-allocating 0 bytes for permanent pool.
LogStreaming: Display: Async Loading initialized: Event Driven Loader: true, Async Loading Thread: false, Async Post Load: true
LogInit: Object subsystem initialized
LogConfig: Setting CVar [[con.DebugEarlyDefault:1]]
LogConfig: Setting CVar [[r.setres:1280x720]]
[2020.01.18-14.19.36:766][  0]LogConfig: Setting CVar [[con.DebugEarlyDefault:1]]
[2020.01.18-14.19.36:766][  0]LogConfig: Setting CVar [[r.setres:1280x720]]
[2020.01.18-14.19.36:766][  0]LogConfig: Applying CVar settings from Section [/Script/Engine.RendererSettings] File [../../../FPSGame/Saved/Config/WindowsNoEditor/Engine.ini]
[2020.01.18-14.19.36:766][  0]LogConfig: Setting CVar [[r.GPUCrashDebugging:0]]
[2020.01.18-14.19.36:767][  0]LogConfig: Applying CVar settings from Section [/Script/Engine.RendererOverrideSettings] File [../../../FPSGame/Saved/Config/WindowsNoEditor/Engine.ini]
[2020.01.18-14.19.36:767][  0]LogConfig: Applying CVar settings from Section [/Script/Engine.StreamingSettings] File [../../../FPSGame/Saved/Config/WindowsNoEditor/Engine.ini]
[2020.01.18-14.19.36:767][  0]LogConfig: Setting CVar [[s.MinBulkDataSizeForAsyncLoading:131072]]
[2020.01.18-14.19.36:767][  0]LogConfig: Setting CVar [[s.AsyncLoadingThreadEnabled:0]]
[2020.01.18-14.19.36:767][  0]LogConfig: Setting CVar [[s.EventDrivenLoaderEnabled:1]]
[2020.01.18-14.19.36:767][  0]LogConfig: Setting CVar [[s.WarnIfTimeLimitExceeded:0]]
[2020.01.18-14.19.36:767][  0]LogConfig: Setting CVar [[s.TimeLimitExceededMultiplier:1.5]]
[2020.01.18-14.19.36:767][  0]LogConfig: Setting CVar [[s.TimeLimitExceededMinTime:0.005]]
[2020.01.18-14.19.36:767][  0]LogConfig: Setting CVar [[s.UseBackgroundLevelStreaming:1]]
[2020.01.18-14.19.36:767][  0]LogConfig: Setting CVar [[s.PriorityAsyncLoadingExtraTime:15.0]]
[2020.01.18-14.19.36:767][  0]LogConfig: Setting CVar [[s.LevelStreamingActorsUpdateTimeLimit:5.0]]
[2020.01.18-14.19.36:767][  0]LogConfig: Setting CVar [[s.PriorityLevelStreamingActorsUpdateExtraTime:5.0]]
[2020.01.18-14.19.36:767][  0]LogConfig: Setting CVar [[s.LevelStreamingComponentsRegistrationGranularity:10]]
[2020.01.18-14.19.36:767][  0]LogConfig: Setting CVar [[s.UnregisterComponentsTimeLimit:1.0]]
[2020.01.18-14.19.36:767][  0]LogConfig: Setting CVar [[s.LevelStreamingComponentsUnregistrationGranularity:5]]
[2020.01.18-14.19.36:767][  0]LogConfig: Applying CVar settings from Section [/Script/Engine.GarbageCollectionSettings] File [../../../FPSGame/Saved/Config/WindowsNoEditor/Engine.ini]
[2020.01.18-14.19.36:767][  0]LogConfig: Setting CVar [[gc.MaxObjectsNotConsideredByGC:1]]
[2020.01.18-14.19.36:767][  0]LogConfig: Setting CVar [[gc.SizeOfPermanentObjectPool:0]]
[2020.01.18-14.19.36:767][  0]LogConfig: Setting CVar [[gc.FlushStreamingOnGC:0]]
[2020.01.18-14.19.36:767][  0]LogConfig: Setting CVar [[gc.NumRetriesBeforeForcingGC:10]]
[2020.01.18-14.19.36:767][  0]LogConfig: Setting CVar [[gc.AllowParallelGC:1]]
[2020.01.18-14.19.36:767][  0]LogConfig: Setting CVar [[gc.TimeBetweenPurgingPendingKillObjects:61.1]]
[2020.01.18-14.19.36:767][  0]LogConfig: Setting CVar [[gc.MaxObjectsInEditor:8388607]]
[2020.01.18-14.19.36:767][  0]LogConfig: Setting CVar [[gc.IncrementalBeginDestroyEnabled:1]]
[2020.01.18-14.19.36:767][  0]LogConfig: Setting CVar [[gc.CreateGCClusters:1]]
[2020.01.18-14.19.36:767][  0]LogConfig: Setting CVar [[gc.MergeGCClusters:0]]
[2020.01.18-14.19.36:767][  0]LogConfig: Setting CVar [[gc.MinGCClusterSize:5]]
[2020.01.18-14.19.36:767][  0]LogConfig: Setting CVar [[gc.ActorClusteringEnabled:0]]
[2020.01.18-14.19.36:767][  0]LogConfig: Setting CVar [[gc.BlueprintClusteringEnabled:0]]
[2020.01.18-14.19.36:767][  0]LogConfig: Setting CVar [[gc.UseDisregardForGCOnDedicatedServers:0]]
[2020.01.18-14.19.36:767][  0]LogConfig: Applying CVar settings from Section [/Script/Engine.NetworkSettings] File [../../../FPSGame/Saved/Config/WindowsNoEditor/Engine.ini]
[2020.01.18-14.19.36:769][  0]LogConfig: Applying CVar settings from Section [ViewDistanceQuality@3] File [../../../FPSGame/Saved/Config/WindowsNoEditor/Scalability.ini]
[2020.01.18-14.19.36:769][  0]LogConfig: Setting CVar [[r.SkeletalMeshLODBias:0]]
[2020.01.18-14.19.36:769][  0]LogConfig: Setting CVar [[r.ViewDistanceScale:1.0]]
[2020.01.18-14.19.36:769][  0]LogConfig: Applying CVar settings from Section [AntiAliasingQuality@3] File [../../../FPSGame/Saved/Config/WindowsNoEditor/Scalability.ini]
[2020.01.18-14.19.36:769][  0]LogConfig: Setting CVar [[r.PostProcessAAQuality:4]]
[2020.01.18-14.19.36:769][  0]LogConfig: Applying CVar settings from Section [ShadowQuality@3] File [../../../FPSGame/Saved/Config/WindowsNoEditor/Scalability.ini]
[2020.01.18-14.19.36:769][  0]LogConfig: Setting CVar [[r.LightFunctionQuality:1]]
[2020.01.18-14.19.36:769][  0]LogConfig: Setting CVar [[r.ShadowQuality:5]]
[2020.01.18-14.19.36:769][  0]LogConfig: Setting CVar [[r.Shadow.CSM.MaxCascades:10]]
[2020.01.18-14.19.36:769][  0]LogConfig: Setting CVar [[r.Shadow.MaxResolution:2048]]
[2020.01.18-14.19.36:769][  0]LogConfig: Setting CVar [[r.Shadow.MaxCSMResolution:2048]]
[2020.01.18-14.19.36:769][  0]LogConfig: Setting CVar [[r.Shadow.RadiusThreshold:0.01]]
[2020.01.18-14.19.36:769][  0]LogConfig: Setting CVar [[r.Shadow.DistanceScale:1.0]]
[2020.01.18-14.19.36:770][  0]LogConfig: Setting CVar [[r.Shadow.CSM.TransitionScale:1.0]]
[2020.01.18-14.19.36:770][  0]LogConfig: Setting CVar [[r.Shadow.PreShadowResolutionFactor:1.0]]
[2020.01.18-14.19.36:770][  0]LogConfig: Setting CVar [[r.DistanceFieldShadowing:1]]
[2020.01.18-14.19.36:770][  0]LogConfig: Setting CVar [[r.DistanceFieldAO:1]]
[2020.01.18-14.19.36:770][  0]LogConfig: Setting CVar [[r.AOQuality:2]]
[2020.01.18-14.19.36:770][  0]LogConfig: Setting CVar [[r.VolumetricFog:1]]
[2020.01.18-14.19.36:770][  0]LogConfig: Setting CVar [[r.VolumetricFog.GridPixelSize:8]]
[2020.01.18-14.19.36:770][  0]LogConfig: Setting CVar [[r.VolumetricFog.GridSizeZ:128]]
[2020.01.18-14.19.36:770][  0]LogConfig: Setting CVar [[r.VolumetricFog.HistoryMissSupersampleCount:4]]
[2020.01.18-14.19.36:770][  0]LogConfig: Setting CVar [[r.LightMaxDrawDistanceScale:1]]
[2020.01.18-14.19.36:770][  0]LogConfig: Setting CVar [[r.CapsuleShadows:1]]
[2020.01.18-14.19.36:770][  0]LogConfig: Applying CVar settings from Section [PostProcessQuality@3] File [../../../FPSGame/Saved/Config/WindowsNoEditor/Scalability.ini]
[2020.01.18-14.19.36:770][  0]LogConfig: Setting CVar [[r.MotionBlurQuality:4]]
[2020.01.18-14.19.36:770][  0]LogConfig: Setting CVar [[r.AmbientOcclusionMipLevelFactor:0.4]]
[2020.01.18-14.19.36:770][  0]LogConfig: Setting CVar [[r.AmbientOcclusionMaxQuality:100]]
[2020.01.18-14.19.36:770][  0]LogConfig: Setting CVar [[r.AmbientOcclusionLevels:-1]]
[2020.01.18-14.19.36:770][  0]LogConfig: Setting CVar [[r.AmbientOcclusionRadiusScale:1.0]]
[2020.01.18-14.19.36:770][  0]LogConfig: Setting CVar [[r.DepthOfFieldQuality:2]]
[2020.01.18-14.19.36:770][  0]LogConfig: Setting CVar [[r.RenderTargetPoolMin:400]]
[2020.01.18-14.19.36:770][  0]LogConfig: Setting CVar [[r.LensFlareQuality:2]]
[2020.01.18-14.19.36:770][  0]LogConfig: Setting CVar [[r.SceneColorFringeQuality:1]]
[2020.01.18-14.19.36:770][  0]LogConfig: Setting CVar [[r.EyeAdaptationQuality:2]]
[2020.01.18-14.19.36:770][  0]LogConfig: Setting CVar [[r.BloomQuality:5]]
[2020.01.18-14.19.36:770][  0]LogConfig: Setting CVar [[r.FastBlurThreshold:100]]
[2020.01.18-14.19.36:770][  0]LogConfig: Setting CVar [[r.Upscale.Quality:3]]
[2020.01.18-14.19.36:770][  0]LogConfig: Setting CVar [[r.Tonemapper.GrainQuantization:1]]
[2020.01.18-14.19.36:770][  0]LogConfig: Setting CVar [[r.LightShaftQuality:1]]
[2020.01.18-14.19.36:770][  0]LogConfig: Setting CVar [[r.Filter.SizeScale:1]]
[2020.01.18-14.19.36:770][  0]LogConfig: Setting CVar [[r.Tonemapper.Quality:5]]
[2020.01.18-14.19.36:770][  0]LogConfig: Setting CVar [[r.DOF.Gather.AccumulatorQuality:1        ; higher gathering accumulator quality]]
[2020.01.18-14.19.36:770][  0]LogConfig: Setting CVar [[r.DOF.Gather.PostfilterMethod:1          ; Median3x3 postfilering method]]
[2020.01.18-14.19.36:770][  0]LogConfig: Setting CVar [[r.DOF.Gather.EnableBokehSettings:0       ; no bokeh simulation when gathering]]
[2020.01.18-14.19.36:770][  0]LogConfig: Setting CVar [[r.DOF.Gather.RingCount:4                 ; medium number of samples when gathering]]
[2020.01.18-14.19.36:770][  0]LogConfig: Setting CVar [[r.DOF.Scatter.ForegroundCompositing:1    ; additive foreground scattering]]
[2020.01.18-14.19.36:770][  0]LogConfig: Setting CVar [[r.DOF.Scatter.BackgroundCompositing:2    ; additive background scattering]]
[2020.01.18-14.19.36:770][  0]LogConfig: Setting CVar [[r.DOF.Scatter.EnableBokehSettings:1      ; bokeh simulation when scattering]]
[2020.01.18-14.19.36:770][  0]LogConfig: Setting CVar [[r.DOF.Scatter.MaxSpriteRatio:0.1         ; only a maximum of 10% of scattered bokeh]]
[2020.01.18-14.19.36:770][  0]LogConfig: Setting CVar [[r.DOF.Recombine.Quality:1                ; cheap slight out of focus]]
[2020.01.18-14.19.36:770][  0]LogConfig: Setting CVar [[r.DOF.Recombine.EnableBokehSettings:0    ; no bokeh simulation on slight out of focus]]
[2020.01.18-14.19.36:770][  0]LogConfig: Setting CVar [[r.DOF.TemporalAAQuality:1                ; more stable temporal accumulation]]
[2020.01.18-14.19.36:770][  0]LogConfig: Setting CVar [[r.DOF.Kernel.MaxForegroundRadius:0.025]]
[2020.01.18-14.19.36:770][  0]LogConfig: Setting CVar [[r.DOF.Kernel.MaxBackgroundRadius:0.025]]
[2020.01.18-14.19.36:770][  0]LogConfig: Applying CVar settings from Section [TextureQuality@3] File [../../../FPSGame/Saved/Config/WindowsNoEditor/Scalability.ini]
[2020.01.18-14.19.36:770][  0]LogConfig: Setting CVar [[r.Streaming.MipBias:0]]
[2020.01.18-14.19.36:770][  0]LogConfig: Setting CVar [[r.Streaming.AmortizeCPUToGPUCopy:0]]
[2020.01.18-14.19.36:770][  0]LogConfig: Setting CVar [[r.Streaming.MaxNumTexturesToStreamPerFrame:0]]
[2020.01.18-14.19.36:770][  0]LogConfig: Setting CVar [[r.Streaming.Boost:1]]
[2020.01.18-14.19.36:770][  0]LogConfig: Setting CVar [[r.MaxAnisotropy:8]]
[2020.01.18-14.19.36:770][  0]LogConfig: Setting CVar [[r.Streaming.LimitPoolSizeToVRAM:0]]
[2020.01.18-14.19.36:770][  0]LogConfig: Setting CVar [[r.Streaming.PoolSize:1000]]
[2020.01.18-14.19.36:770][  0]LogConfig: Setting CVar [[r.Streaming.MaxEffectiveScreenSize:0]]
[2020.01.18-14.19.36:770][  0]LogConfig: Applying CVar settings from Section [EffectsQuality@3] File [../../../FPSGame/Saved/Config/WindowsNoEditor/Scalability.ini]
[2020.01.18-14.19.36:770][  0]LogConfig: Setting CVar [[r.TranslucencyLightingVolumeDim:64]]
[2020.01.18-14.19.36:770][  0]LogConfig: Setting CVar [[r.RefractionQuality:2]]
[2020.01.18-14.19.36:770][  0]LogConfig: Setting CVar [[r.SSR.Quality:3]]
[2020.01.18-14.19.36:770][  0]LogConfig: Setting CVar [[r.SceneColorFormat:4]]
[2020.01.18-14.19.36:770][  0]LogConfig: Setting CVar [[r.DetailMode:2]]
[2020.01.18-14.19.36:770][  0]LogConfig: Setting CVar [[r.TranslucencyVolumeBlur:1]]
[2020.01.18-14.19.36:770][  0]LogConfig: Setting CVar [[r.MaterialQualityLevel:1 ; High quality]]
[2020.01.18-14.19.36:770][  0]LogConfig: Setting CVar [[r.SSS.Scale:1]]
[2020.01.18-14.19.36:770][  0]LogConfig: Setting CVar [[r.SSS.SampleSet:2]]
[2020.01.18-14.19.36:771][  0]LogConfig: Setting CVar [[r.SSS.Quality:1]]
[2020.01.18-14.19.36:771][  0]LogConfig: Setting CVar [[r.SSS.HalfRes:1]]
[2020.01.18-14.19.36:771][  0]LogConfig: Setting CVar [[r.EmitterSpawnRateScale:1.0]]
[2020.01.18-14.19.36:771][  0]LogConfig: Setting CVar [[r.ParticleLightQuality:2]]
[2020.01.18-14.19.36:771][  0]LogConfig: Applying CVar settings from Section [FoliageQuality@3] File [../../../FPSGame/Saved/Config/WindowsNoEditor/Scalability.ini]
[2020.01.18-14.19.36:771][  0]LogConfig: Setting CVar [[foliage.DensityScale:1.0]]
[2020.01.18-14.19.36:771][  0]LogConfig: Setting CVar [[grass.DensityScale:1.0]]
[2020.01.18-14.19.36:771][  0]LogInit: Selected Device Profile: [WindowsNoEditor]
[2020.01.18-14.19.36:771][  0]LogInit: Applying CVar settings loaded from the selected device profile: [WindowsNoEditor]
[2020.01.18-14.19.36:778][  0]LogHAL: Display: Platform has ~ 8 GB [8475553792 / 8589934592 / 8], which maps to Default [LargestMinGB=32, LargerMinGB=12, DefaultMinGB=8, SmallerMinGB=6, SmallestMinGB=0)
[2020.01.18-14.19.36:778][  0]LogInit: Going up to parent DeviceProfile [Windows]
[2020.01.18-14.19.36:778][  0]LogConfig: Setting CVar [[r.Vulkan.UseRealUBs:1]]
[2020.01.18-14.19.36:778][  0]LogInit: Going up to parent DeviceProfile []
[2020.01.18-14.19.36:778][  0]LogConfig: Applying CVar settings from Section [ViewDistanceQuality@3] File [../../../FPSGame/Saved/Config/WindowsNoEditor/Scalability.ini]
[2020.01.18-14.19.36:778][  0]LogConfig: Setting CVar [[r.SkeletalMeshLODBias:0]]
[2020.01.18-14.19.36:778][  0]LogConfig: Setting CVar [[r.ViewDistanceScale:1.0]]
[2020.01.18-14.19.36:778][  0]LogConfig: Applying CVar settings from Section [AntiAliasingQuality@3] File [../../../FPSGame/Saved/Config/WindowsNoEditor/Scalability.ini]
[2020.01.18-14.19.36:778][  0]LogConfig: Setting CVar [[r.PostProcessAAQuality:4]]
[2020.01.18-14.19.36:778][  0]LogConfig: Applying CVar settings from Section [ShadowQuality@3] File [../../../FPSGame/Saved/Config/WindowsNoEditor/Scalability.ini]
[2020.01.18-14.19.36:778][  0]LogConfig: Setting CVar [[r.LightFunctionQuality:1]]
[2020.01.18-14.19.36:778][  0]LogConfig: Setting CVar [[r.ShadowQuality:5]]
[2020.01.18-14.19.36:778][  0]LogConfig: Setting CVar [[r.Shadow.CSM.MaxCascades:10]]
[2020.01.18-14.19.36:778][  0]LogConfig: Setting CVar [[r.Shadow.MaxResolution:2048]]
[2020.01.18-14.19.36:778][  0]LogConfig: Setting CVar [[r.Shadow.MaxCSMResolution:2048]]
[2020.01.18-14.19.36:778][  0]LogConfig: Setting CVar [[r.Shadow.RadiusThreshold:0.01]]
[2020.01.18-14.19.36:778][  0]LogConfig: Setting CVar [[r.Shadow.DistanceScale:1.0]]
[2020.01.18-14.19.36:779][  0]LogConfig: Setting CVar [[r.Shadow.CSM.TransitionScale:1.0]]
[2020.01.18-14.19.36:779][  0]LogConfig: Setting CVar [[r.Shadow.PreShadowResolutionFactor:1.0]]
[2020.01.18-14.19.36:779][  0]LogConfig: Setting CVar [[r.DistanceFieldShadowing:1]]
[2020.01.18-14.19.36:779][  0]LogConfig: Setting CVar [[r.DistanceFieldAO:1]]
[2020.01.18-14.19.36:779][  0]LogConfig: Setting CVar [[r.AOQuality:2]]
[2020.01.18-14.19.36:779][  0]LogConfig: Setting CVar [[r.VolumetricFog:1]]
[2020.01.18-14.19.36:779][  0]LogConfig: Setting CVar [[r.VolumetricFog.GridPixelSize:8]]
[2020.01.18-14.19.36:779][  0]LogConfig: Setting CVar [[r.VolumetricFog.GridSizeZ:128]]
[2020.01.18-14.19.36:779][  0]LogConfig: Setting CVar [[r.VolumetricFog.HistoryMissSupersampleCount:4]]
[2020.01.18-14.19.36:779][  0]LogConfig: Setting CVar [[r.LightMaxDrawDistanceScale:1]]
[2020.01.18-14.19.36:779][  0]LogConfig: Setting CVar [[r.CapsuleShadows:1]]
[2020.01.18-14.19.36:779][  0]LogConfig: Applying CVar settings from Section [PostProcessQuality@3] File [../../../FPSGame/Saved/Config/WindowsNoEditor/Scalability.ini]
[2020.01.18-14.19.36:779][  0]LogConfig: Setting CVar [[r.MotionBlurQuality:4]]
[2020.01.18-14.19.36:779][  0]LogConfig: Setting CVar [[r.AmbientOcclusionMipLevelFactor:0.4]]
[2020.01.18-14.19.36:779][  0]LogConfig: Setting CVar [[r.AmbientOcclusionMaxQuality:100]]
[2020.01.18-14.19.36:779][  0]LogConfig: Setting CVar [[r.AmbientOcclusionLevels:-1]]
[2020.01.18-14.19.36:779][  0]LogConfig: Setting CVar [[r.AmbientOcclusionRadiusScale:1.0]]
[2020.01.18-14.19.36:779][  0]LogConfig: Setting CVar [[r.DepthOfFieldQuality:2]]
[2020.01.18-14.19.36:779][  0]LogConfig: Setting CVar [[r.RenderTargetPoolMin:400]]
[2020.01.18-14.19.36:779][  0]LogConfig: Setting CVar [[r.LensFlareQuality:2]]
[2020.01.18-14.19.36:779][  0]LogConfig: Setting CVar [[r.SceneColorFringeQuality:1]]
[2020.01.18-14.19.36:779][  0]LogConfig: Setting CVar [[r.EyeAdaptationQuality:2]]
[2020.01.18-14.19.36:779][  0]LogConfig: Setting CVar [[r.BloomQuality:5]]
[2020.01.18-14.19.36:779][  0]LogConfig: Setting CVar [[r.FastBlurThreshold:100]]
[2020.01.18-14.19.36:779][  0]LogConfig: Setting CVar [[r.Upscale.Quality:3]]
[2020.01.18-14.19.36:779][  0]LogConfig: Setting CVar [[r.Tonemapper.GrainQuantization:1]]
[2020.01.18-14.19.36:779][  0]LogConfig: Setting CVar [[r.LightShaftQuality:1]]
[2020.01.18-14.19.36:779][  0]LogConfig: Setting CVar [[r.Filter.SizeScale:1]]
[2020.01.18-14.19.36:779][  0]LogConfig: Setting CVar [[r.Tonemapper.Quality:5]]
[2020.01.18-14.19.36:779][  0]LogConfig: Setting CVar [[r.DOF.Gather.AccumulatorQuality:1        ; higher gathering accumulator quality]]
[2020.01.18-14.19.36:779][  0]LogConfig: Setting CVar [[r.DOF.Gather.PostfilterMethod:1          ; Median3x3 postfilering method]]
[2020.01.18-14.19.36:779][  0]LogConfig: Setting CVar [[r.DOF.Gather.EnableBokehSettings:0       ; no bokeh simulation when gathering]]
[2020.01.18-14.19.36:779][  0]LogConfig: Setting CVar [[r.DOF.Gather.RingCount:4                 ; medium number of samples when gathering]]
[2020.01.18-14.19.36:779][  0]LogConfig: Setting CVar [[r.DOF.Scatter.ForegroundCompositing:1    ; additive foreground scattering]]
[2020.01.18-14.19.36:779][  0]LogConfig: Setting CVar [[r.DOF.Scatter.BackgroundCompositing:2    ; additive background scattering]]
[2020.01.18-14.19.36:779][  0]LogConfig: Setting CVar [[r.DOF.Scatter.EnableBokehSettings:1      ; bokeh simulation when scattering]]
[2020.01.18-14.19.36:779][  0]LogConfig: Setting CVar [[r.DOF.Scatter.MaxSpriteRatio:0.1         ; only a maximum of 10% of scattered bokeh]]
[2020.01.18-14.19.36:779][  0]LogConfig: Setting CVar [[r.DOF.Recombine.Quality:1                ; cheap slight out of focus]]
[2020.01.18-14.19.36:779][  0]LogConfig: Setting CVar [[r.DOF.Recombine.EnableBokehSettings:0    ; no bokeh simulation on slight out of focus]]
[2020.01.18-14.19.36:779][  0]LogConfig: Setting CVar [[r.DOF.TemporalAAQuality:1                ; more stable temporal accumulation]]
[2020.01.18-14.19.36:779][  0]LogConfig: Setting CVar [[r.DOF.Kernel.MaxForegroundRadius:0.025]]
[2020.01.18-14.19.36:779][  0]LogConfig: Setting CVar [[r.DOF.Kernel.MaxBackgroundRadius:0.025]]
[2020.01.18-14.19.36:779][  0]LogConfig: Applying CVar settings from Section [TextureQuality@3] File [../../../FPSGame/Saved/Config/WindowsNoEditor/Scalability.ini]
[2020.01.18-14.19.36:779][  0]LogConfig: Setting CVar [[r.Streaming.MipBias:0]]
[2020.01.18-14.19.36:779][  0]LogConfig: Setting CVar [[r.Streaming.AmortizeCPUToGPUCopy:0]]
[2020.01.18-14.19.36:779][  0]LogConfig: Setting CVar [[r.Streaming.MaxNumTexturesToStreamPerFrame:0]]
[2020.01.18-14.19.36:779][  0]LogConfig: Setting CVar [[r.Streaming.Boost:1]]
[2020.01.18-14.19.36:779][  0]LogConfig: Setting CVar [[r.MaxAnisotropy:8]]
[2020.01.18-14.19.36:779][  0]LogConfig: Setting CVar [[r.Streaming.LimitPoolSizeToVRAM:0]]
[2020.01.18-14.19.36:779][  0]LogConfig: Setting CVar [[r.Streaming.PoolSize:1000]]
[2020.01.18-14.19.36:779][  0]LogConfig: Setting CVar [[r.Streaming.MaxEffectiveScreenSize:0]]
[2020.01.18-14.19.36:779][  0]LogConfig: Applying CVar settings from Section [EffectsQuality@3] File [../../../FPSGame/Saved/Config/WindowsNoEditor/Scalability.ini]
[2020.01.18-14.19.36:779][  0]LogConfig: Setting CVar [[r.TranslucencyLightingVolumeDim:64]]
[2020.01.18-14.19.36:779][  0]LogConfig: Setting CVar [[r.RefractionQuality:2]]
[2020.01.18-14.19.36:779][  0]LogConfig: Setting CVar [[r.SSR.Quality:3]]
[2020.01.18-14.19.36:779][  0]LogConfig: Setting CVar [[r.SceneColorFormat:4]]
[2020.01.18-14.19.36:779][  0]LogConfig: Setting CVar [[r.DetailMode:2]]
[2020.01.18-14.19.36:779][  0]LogConfig: Setting CVar [[r.TranslucencyVolumeBlur:1]]
[2020.01.18-14.19.36:779][  0]LogConfig: Setting CVar [[r.MaterialQualityLevel:1 ; High quality]]
[2020.01.18-14.19.36:779][  0]LogConfig: Setting CVar [[r.SSS.Scale:1]]
[2020.01.18-14.19.36:779][  0]LogConfig: Setting CVar [[r.SSS.SampleSet:2]]
[2020.01.18-14.19.36:779][  0]LogConfig: Setting CVar [[r.SSS.Quality:1]]
[2020.01.18-14.19.36:780][  0]LogConfig: Setting CVar [[r.SSS.HalfRes:1]]
[2020.01.18-14.19.36:780][  0]LogConfig: Setting CVar [[r.EmitterSpawnRateScale:1.0]]
[2020.01.18-14.19.36:780][  0]LogConfig: Setting CVar [[r.ParticleLightQuality:2]]
[2020.01.18-14.19.36:780][  0]LogConfig: Applying CVar settings from Section [FoliageQuality@3] File [../../../FPSGame/Saved/Config/WindowsNoEditor/Scalability.ini]
[2020.01.18-14.19.36:780][  0]LogConfig: Setting CVar [[foliage.DensityScale:1.0]]
[2020.01.18-14.19.36:780][  0]LogConfig: Setting CVar [[grass.DensityScale:1.0]]
[2020.01.18-14.19.36:780][  0]LogConfig: Applying CVar settings from Section [Startup] File [../../../Engine/Config/ConsoleVariables.ini]
[2020.01.18-14.19.36:780][  0]LogConfig: Setting CVar [[net.UseAdaptiveNetUpdateFrequency:0]]
[2020.01.18-14.19.36:780][  0]LogConfig: Applying CVar settings from Section [ConsoleVariables] File [../../../FPSGame/Saved/Config/WindowsNoEditor/Engine.ini]
[2020.01.18-14.19.36:780][  0]LogInit: Computer: DESKTOP-MD561JT
[2020.01.18-14.19.36:780][  0]LogInit: User: YeshKrish
[2020.01.18-14.19.36:780][  0]LogInit: CPU Page size=4096, Cores=2
[2020.01.18-14.19.36:780][  0]LogInit: High frequency timer resolution =10.000000 MHz
[2020.01.18-14.19.36:780][  0]LogMemory: Memory total: Physical=7.9GB (8GB approx)
[2020.01.18-14.19.36:780][  0]LogMemory: Platform Memory Stats for WindowsNoEditor
[2020.01.18-14.19.36:780][  0]LogMemory: Process Physical Memory: 54.75 MB used, 54.75 MB peak
[2020.01.18-14.19.36:780][  0]LogMemory: Process Virtual Memory: 63.58 MB used, 63.58 MB peak
[2020.01.18-14.19.36:780][  0]LogMemory: Physical Memory: 3105.99 MB used,  4976.93 MB free, 8082.92 MB total
[2020.01.18-14.19.36:780][  0]LogMemory: Virtual Memory: 4416.77 MB used,  134213312.00 MB free, 134217728.00 MB total
[2020.01.18-14.19.37:607][  0]LogInit: Using OS detected language (en-GB).
[2020.01.18-14.19.37:607][  0]LogInit: Using OS detected locale (en-IN).
[2020.01.18-14.19.37:607][  0]LogTextLocalizationManager: No specific localization for 'en-GB' exists, so the 'en' localization will be used.
[2020.01.18-14.19.37:665][  0]LogStreaming: Display: Took  0.058s to InitEngineTextLocalization.
[2020.01.18-14.19.37:969][  0]LogSlate: New Slate User Created.  User Index 0, Is Virtual User: 0
[2020.01.18-14.19.37:969][  0]LogSlate: Slate User Registered.  User Index 0, Is Virtual User: 0
[2020.01.18-14.19.37:976][  0]LogHMD: Failed to initialize OpenVR with code 110
[2020.01.18-14.19.37:976][  0]LogD3D11RHI: D3D11 adapters:
[2020.01.18-14.19.38:660][  0]LogD3D11RHI:    0. 'AMD Radeon (TM) R7 M340' (Feature Level 11_0)
[2020.01.18-14.19.38:660][  0]LogD3D11RHI:       4086/0/4041 MB DedicatedVideo/DedicatedSystem/SharedSystem, Outputs:1, VendorId:0x1002
[2020.01.18-14.19.38:682][  0]LogD3D11RHI:    1. 'Intel(R) HD Graphics 520' (Feature Level 11_0)
[2020.01.18-14.19.38:682][  0]LogD3D11RHI:       128/0/4041 MB DedicatedVideo/DedicatedSystem/SharedSystem, Outputs:0, VendorId:0x8086
[2020.01.18-14.19.38:686][  0]LogD3D11RHI:    2. 'Microsoft Basic Render Driver' (Feature Level 11_0)
[2020.01.18-14.19.38:686][  0]LogD3D11RHI:       0/0/4041 MB DedicatedVideo/DedicatedSystem/SharedSystem, Outputs:0, VendorId:0x1414
[2020.01.18-14.19.38:686][  0]LogD3D11RHI: Chosen D3D11 Adapter: 0
[2020.01.18-14.19.38:692][  0]LogD3D11RHI: Creating new Direct3DDevice
[2020.01.18-14.19.38:693][  0]LogD3D11RHI:     GPU DeviceId: 0x6900 (for the marketing name, search the web for "GPU Device Id")
[2020.01.18-14.19.38:693][  0]LogWindows: EnumDisplayDevices:
[2020.01.18-14.19.38:693][  0]LogWindows:    0. 'Intel(R) HD Graphics 520' (P:1 D:1)
[2020.01.18-14.19.38:693][  0]LogWindows:    1. 'Intel(R) HD Graphics 520' (P:0 D:0)
[2020.01.18-14.19.38:693][  0]LogWindows:    2. 'Intel(R) HD Graphics 520' (P:0 D:0)
[2020.01.18-14.19.38:694][  0]LogWindows: DebugString: PrimaryIsNotTheChoosenAdapter PrimaryIsNotTheChoosenAdapter PrimaryIsNotTheChoosenAdapter FoundDriverCount:0 
[2020.01.18-14.19.38:694][  0]LogD3D11RHI:     Adapter Name: AMD Radeon (TM) R7 M340
[2020.01.18-14.19.38:694][  0]LogD3D11RHI:   Driver Version: Unknown (internal:Unknown, unified:Unknown)
[2020.01.18-14.19.38:694][  0]LogD3D11RHI:      Driver Date: Unknown
[2020.01.18-14.19.38:694][  0]LogRHI: Texture pool is 2860 MB (70% of 4086 MB)
[2020.01.18-14.19.38:805][  0]LogD3D11RHI: Async texture creation enabled
[2020.01.18-14.19.38:855][  0]LogD3D11RHI: GPU Timing Frequency: 27.000000 (Debug: 2 1)
[2020.01.18-14.19.38:856][  0]LogShaderLibrary: Display: Failed to load Shared Shader Library: Global and no native library supported.
[2020.01.18-14.19.38:856][  0]LogShaderLibrary: Display: Failed to load Shared Shader Library: Global_SC and no native library supported.
[2020.01.18-14.19.38:856][  0]LogShaderLibrary: Display: Failed to load Shared Shader Library: Paper2D and no native library supported.
[2020.01.18-14.19.38:856][  0]LogShaderLibrary: Display: Failed to load Shared Shader Library: Paper2D_SC and no native library supported.
[2020.01.18-14.19.38:856][  0]LogShaderLibrary: Display: Failed to load Shared Shader Library: Paper2D and no native library supported.
[2020.01.18-14.19.38:857][  0]LogShaderLibrary: Display: Failed to load Shared Shader Library: Paper2D_SC and no native library supported.
[2020.01.18-14.19.38:857][  0]LogShaderLibrary: Display: Failed to load Shared Shader Library: CryptoKeys and no native library supported.
[2020.01.18-14.19.38:857][  0]LogShaderLibrary: Display: Failed to load Shared Shader Library: CryptoKeys_SC and no native library supported.
[2020.01.18-14.19.38:857][  0]LogShaderLibrary: Display: Failed to load Shared Shader Library: CryptoKeys and no native library supported.
[2020.01.18-14.19.38:857][  0]LogShaderLibrary: Display: Failed to load Shared Shader Library: CryptoKeys_SC and no native library supported.
[2020.01.18-14.19.38:857][  0]LogShaderLibrary: Display: Failed to load Shared Shader Library: MeshEditor and no native library supported.
[2020.01.18-14.19.38:857][  0]LogShaderLibrary: Display: Failed to load Shared Shader Library: MeshEditor_SC and no native library supported.
[2020.01.18-14.19.38:857][  0]LogShaderLibrary: Display: Failed to load Shared Shader Library: MeshEditor and no native library supported.
[2020.01.18-14.19.38:857][  0]LogShaderLibrary: Display: Failed to load Shared Shader Library: MeshEditor_SC and no native library supported.
[2020.01.18-14.19.38:857][  0]LogShaderLibrary: Display: Failed to load Shared Shader Library: DatasmithContent and no native library supported.
[2020.01.18-14.19.38:857][  0]LogShaderLibrary: Display: Failed to load Shared Shader Library: DatasmithContent_SC and no native library supported.
[2020.01.18-14.19.38:857][  0]LogShaderLibrary: Display: Failed to load Shared Shader Library: DatasmithContent and no native library supported.
[2020.01.18-14.19.38:857][  0]LogShaderLibrary: Display: Failed to load Shared Shader Library: DatasmithContent_SC and no native library supported.
[2020.01.18-14.19.38:857][  0]LogShaderLibrary: Display: Failed to load Shared Shader Library: VariantManagerContent and no native library supported.
[2020.01.18-14.19.38:857][  0]LogShaderLibrary: Display: Failed to load Shared Shader Library: VariantManagerContent_SC and no native library supported.
[2020.01.18-14.19.38:857][  0]LogShaderLibrary: Display: Failed to load Shared Shader Library: VariantManagerContent and no native library supported.
[2020.01.18-14.19.38:857][  0]LogShaderLibrary: Display: Failed to load Shared Shader Library: VariantManagerContent_SC and no native library supported.
[2020.01.18-14.19.38:857][  0]LogShaderLibrary: Display: Failed to load Shared Shader Library: MediaCompositing and no native library supported.
[2020.01.18-14.19.38:857][  0]LogShaderLibrary: Display: Failed to load Shared Shader Library: MediaCompositing_SC and no native library supported.
[2020.01.18-14.19.38:857][  0]LogShaderLibrary: Display: Failed to load Shared Shader Library: MediaCompositing and no native library supported.
[2020.01.18-14.19.38:857][  0]LogShaderLibrary: Display: Failed to load Shared Shader Library: MediaCompositing_SC and no native library supported.
[2020.01.18-14.19.38:857][  0]LogShaderLibrary: Display: Failed to load Shared Shader Library: OculusVR and no native library supported.
[2020.01.18-14.19.38:858][  0]LogShaderLibrary: Display: Failed to load Shared Shader Library: OculusVR_SC and no native library supported.
[2020.01.18-14.19.38:858][  0]LogShaderLibrary: Display: Failed to load Shared Shader Library: OculusVR and no native library supported.
[2020.01.18-14.19.38:858][  0]LogShaderLibrary: Display: Failed to load Shared Shader Library: OculusVR_SC and no native library supported.
[2020.01.18-14.19.38:858][  0]LogShaderLibrary: Display: Failed to load Shared Shader Library: SteamVR and no native library supported.
[2020.01.18-14.19.38:858][  0]LogShaderLibrary: Display: Failed to load Shared Shader Library: SteamVR_SC and no native library supported.
[2020.01.18-14.19.38:858][  0]LogShaderLibrary: Display: Failed to load Shared Shader Library: SteamVR and no native library supported.
[2020.01.18-14.19.38:858][  0]LogShaderLibrary: Display: Failed to load Shared Shader Library: SteamVR_SC and no native library supported.
[2020.01.18-14.19.38:929][  0]LogMaterial: Verifying Global Shaders for PCD3D_SM5
[2020.01.18-14.19.38:953][  0]LogSlate: Using FreeType 2.6.0
[2020.01.18-14.19.38:975][  0]LogSlate: SlateFontServices - WITH_FREETYPE: 1, WITH_HARFBUZZ: 1
[2020.01.18-14.19.39:100][  0]LogShaderLibrary: Display: Failed to load Shared Shader Library: FPSGame and no native library supported.
[2020.01.18-14.19.39:101][  0]LogShaderLibrary: Display: Failed to load Shared Shader Library: FPSGame_SC and no native library supported.
[2020.01.18-14.19.39:101][  0]LogRHI: Display: Opened pipeline cache after state change and enqueued 0 of 0 tasks for precompile.
[2020.01.18-14.19.39:101][  0]LogShaderLibrary: Display: Failed to load Shared Shader Library: FPSGame and no native library supported.
[2020.01.18-14.19.39:101][  0]LogShaderLibrary: Display: Failed to load Shared Shader Library: FPSGame_SC and no native library supported.
[2020.01.18-14.19.39:101][  0]LogRHI: Display: Opened pipeline cache after state change and enqueued 0 of 0 tasks for precompile.
[2020.01.18-14.19.39:101][  0]LogRHI: Display: Failed to open default shader pipeline cache for FPSGame using shader platform 0.
[2020.01.18-14.19.39:101][  0]LogRHI: Display: Failed to open default shader pipeline cache for FPSGame using shader platform 0.
[2020.01.18-14.19.39:101][  0]LogInit: Using OS detected language (en-GB).
[2020.01.18-14.19.39:101][  0]LogInit: Using OS detected locale (en-IN).
[2020.01.18-14.19.39:101][  0]LogTextLocalizationManager: No localization for 'en-GB' exists, so 'en' will be used for the language.
[2020.01.18-14.19.39:101][  0]LogTextLocalizationManager: No localization for 'en-IN' exists, so 'en' will be used for the locale.
[2020.01.18-14.19.39:102][  0]LogSlate: FontCache flush requested. Reason: Culture for localization was changed
[2020.01.18-14.19.39:102][  0]LogSlate: FontCache flush requested. Reason: Culture for localization was changed
[2020.01.18-14.19.39:140][  0]LogStreaming: Display: Took  0.039s to InitGameTextLocalization.
[2020.01.18-14.19.39:159][  0]LogAssetRegistry: FAssetRegistry took 0.0186 seconds to start up
[2020.01.18-14.19.39:289][  0]LogStreaming: Display: Flushing async loaders.
[2020.01.18-14.19.39:298][  0]LogPackageLocalizationCache: Processed 10 localized package path(s) for 1 prioritized culture(s) in 0.008759 seconds
[2020.01.18-14.19.39:299][  0]LogPakFile: New pak file ../../../FPSGame/Content/Paks/FPSGame-WindowsNoEditor.pak added to pak precacher.
[2020.01.18-14.19.39:318][  0]LogInit: Selected Device Profile: [WindowsNoEditor]
[2020.01.18-14.19.39:341][  0]LogNetVersion: FPSGame 1.0.0, NetCL: 4541578, EngineNetVer: 5, GameNetVer: 0 (Checksum: 267577011)
[2020.01.18-14.19.39:966][  0]LogMoviePlayer: Initializing movie player
[2020.01.18-14.19.40:056][  0]LogAndroidPermission: UAndroidPermissionCallbackProxy::GetInstance
[2020.01.18-14.19.40:056][  0]LogOcInput: OculusInput pre-init called
[2020.01.18-14.19.40:061][  0]LogUObjectArray: 35206 objects as part of root set at end of initial load.
[2020.01.18-14.19.40:061][  0]LogUObjectArray: 2 objects are not in the root set, but can never be destroyed because they are in the DisregardForGC set.
[2020.01.18-14.19.40:061][  0]LogUObjectAllocator: 5331632 out of 0 bytes used by permanent object pool.
[2020.01.18-14.19.40:061][  0]LogUObjectArray: CloseDisregardForGC: 35206/35206 objects in disregard for GC pool
[2020.01.18-14.19.40:139][  0]LogEngine: Initializing Engine...
[2020.01.18-14.19.40:139][  0]LogHMD: Failed to initialize OpenVR with code 110
[2020.01.18-14.19.40:152][  0]LogStats: UGameplayTagsManager::ConstructGameplayTagTree: ImportINI prefixes -  0.000 s
[2020.01.18-14.19.40:152][  0]LogStats: UGameplayTagsManager::ConstructGameplayTagTree: Construct from data asset -  0.000 s
[2020.01.18-14.19.40:152][  0]LogStats: UGameplayTagsManager::ConstructGameplayTagTree: ImportINI -  0.000 s
[2020.01.18-14.19.40:152][  0]LogStats: UGameplayTagsManager::ConstructGameplayTagTree: GameplayTagTreeChangedEvent.Broadcast -  0.000 s
[2020.01.18-14.19.40:866][  0]LogInit: Initializing FReadOnlyCVARCache
[2020.01.18-14.19.41:118][  0]LogInit: XAudio2 using 'Speaker/Headphone (2- Realtek High Definition Audio)' : 2 channels at 48 kHz using 32 bits per sample (channel mask 0x3)
[2020.01.18-14.19.41:408][  0]LogInit: FAudioDevice initialized.
[2020.01.18-14.19.41:420][  0]LogNetVersion: Set ProjectVersion to 1.0.0.0. Version Checksum will be recalculated on next use.
[2020.01.18-14.19.41:420][  0]LogInit: Texture streaming: Enabled
[2020.01.18-14.19.41:621][  0]LogSlate: Updating window title bar state: overlay mode, drag disabled, window buttons hidden, title bar hidden
[2020.01.18-14.19.41:621][  0]LogInit: Display: Game Engine Initialized.
[2020.01.18-14.19.41:621][  0]LogGameplayTags: Display: UGameplayTagsManager::DoneAddingNativeTags. DelegateIsBound: 0
[2020.01.18-14.19.41:621][  0]LogStats: UGameplayTagsManager::ConstructGameplayTagTree: ImportINI prefixes -  0.000 s
[2020.01.18-14.19.41:621][  0]LogStats: UGameplayTagsManager::ConstructGameplayTagTree: Construct from data asset -  0.000 s
[2020.01.18-14.19.41:622][  0]LogStats: UGameplayTagsManager::ConstructGameplayTagTree: ImportINI -  0.000 s
[2020.01.18-14.19.41:622][  0]LogStats: UGameplayTagsManager::ConstructGameplayTagTree: GameplayTagTreeChangedEvent.Broadcast -  0.000 s
[2020.01.18-14.19.41:631][  0]LogInit: Display: Starting Game.
[2020.01.18-14.19.41:631][  0]LogNet: Browse: /Game/Maps/FirstPersonExampleMap?Name=Player
[2020.01.18-14.19.41:632][  0]LogLoad: LoadMap: /Game/Maps/FirstPersonExampleMap?Name=Player
[2020.01.18-14.19.42:077][  0]LogModelComponent: Model /Game/Maps/FirstPersonExampleMap.FirstPersonExampleMap:PersistentLevel.ModelComponent_24 has elements that reference missing vertices. MaxVertex=3, NumVertices=0
[2020.01.18-14.19.42:077][  0]LogModelComponent: Model /Game/Maps/FirstPersonExampleMap.FirstPersonExampleMap:PersistentLevel.ModelComponent_24 has elements that reference missing vertices. MaxVertex=59, NumVertices=0
[2020.01.18-14.19.42:077][  0]LogModelComponent: Model /Game/Maps/FirstPersonExampleMap.FirstPersonExampleMap:PersistentLevel.ModelComponent_24 has elements that reference missing vertices. MaxVertex=315, NumVertices=0
[2020.01.18-14.19.42:077][  0]LogModelComponent: Model /Game/Maps/FirstPersonExampleMap.FirstPersonExampleMap:PersistentLevel.ModelComponent_24 has elements that reference missing vertices. MaxVertex=347, NumVertices=0
[2020.01.18-14.19.42:077][  0]LogModelComponent: Model /Game/Maps/FirstPersonExampleMap.FirstPersonExampleMap:PersistentLevel.ModelComponent_24 has elements that reference missing vertices. MaxVertex=135, NumVertices=0
[2020.01.18-14.19.42:077][  0]LogModelComponent: Model /Game/Maps/FirstPersonExampleMap.FirstPersonExampleMap:PersistentLevel.ModelComponent_24 has elements that reference missing vertices. MaxVertex=235, NumVertices=0
[2020.01.18-14.19.42:077][  0]LogModelComponent: Model /Game/Maps/FirstPersonExampleMap.FirstPersonExampleMap:PersistentLevel.ModelComponent_24 has elements that reference missing vertices. MaxVertex=239, NumVertices=0
[2020.01.18-14.19.42:077][  0]LogModelComponent: Model /Game/Maps/FirstPersonExampleMap.FirstPersonExampleMap:PersistentLevel.ModelComponent_24 has elements that reference missing vertices. MaxVertex=243, NumVertices=0
[2020.01.18-14.19.42:077][  0]LogModelComponent: Model /Game/Maps/FirstPersonExampleMap.FirstPersonExampleMap:PersistentLevel.ModelComponent_24 has elements that reference missing vertices. MaxVertex=287, NumVertices=0
[2020.01.18-14.19.42:077][  0]LogModelComponent: Model /Game/Maps/FirstPersonExampleMap.FirstPersonExampleMap:PersistentLevel.ModelComponent_24 has elements that reference missing vertices. MaxVertex=307, NumVertices=0
[2020.01.18-14.19.42:077][  0]LogModelComponent: Model /Game/Maps/FirstPersonExampleMap.FirstPersonExampleMap:PersistentLevel.ModelComponent_24 has elements that reference missing vertices. MaxVertex=379, NumVertices=0
[2020.01.18-14.19.42:077][  0]LogModelComponent: Model /Game/Maps/FirstPersonExampleMap.FirstPersonExampleMap:PersistentLevel.ModelComponent_24 has elements that reference missing vertices. MaxVertex=391, NumVertices=0
[2020.01.18-14.19.42:077][  0]LogModelComponent: Model /Game/Maps/FirstPersonExampleMap.FirstPersonExampleMap:PersistentLevel.ModelComponent_25 has elements that reference missing vertices. MaxVertex=7, NumVertices=0
[2020.01.18-14.19.42:077][  0]LogModelComponent: Model /Game/Maps/FirstPersonExampleMap.FirstPersonExampleMap:PersistentLevel.ModelComponent_25 has elements that reference missing vertices. MaxVertex=11, NumVertices=0
[2020.01.18-14.19.42:077][  0]LogModelComponent: Model /Game/Maps/FirstPersonExampleMap.FirstPersonExampleMap:PersistentLevel.ModelComponent_25 has elements that reference missing vertices. MaxVertex=15, NumVertices=0
[2020.01.18-14.19.42:077][  0]LogModelComponent: Model /Game/Maps/FirstPersonExampleMap.FirstPersonExampleMap:PersistentLevel.ModelComponent_25 has elements that reference missing vertices. MaxVertex=19, NumVertices=0
[2020.01.18-14.19.42:077][  0]LogModelComponent: Model /Game/Maps/FirstPersonExampleMap.FirstPersonExampleMap:PersistentLevel.ModelComponent_25 has elements that reference missing vertices. MaxVertex=23, NumVertices=0
[2020.01.18-14.19.42:077][  0]LogModelComponent: Model /Game/Maps/FirstPersonExampleMap.FirstPersonExampleMap:PersistentLevel.ModelComponent_25 has elements that reference missing vertices. MaxVertex=27, NumVertices=0
[2020.01.18-14.19.42:077][  0]LogModelComponent: Model /Game/Maps/FirstPersonExampleMap.FirstPersonExampleMap:PersistentLevel.ModelComponent_25 has elements that reference missing vertices. MaxVertex=31, NumVertices=0
[2020.01.18-14.19.42:077][  0]LogModelComponent: Model /Game/Maps/FirstPersonExampleMap.FirstPersonExampleMap:PersistentLevel.ModelComponent_25 has elements that reference missing vertices. MaxVertex=35, NumVertices=0
[2020.01.18-14.19.42:077][  0]LogModelComponent: Model /Game/Maps/FirstPersonExampleMap.FirstPersonExampleMap:PersistentLevel.ModelComponent_25 has elements that reference missing vertices. MaxVertex=39, NumVertices=0
[2020.01.18-14.19.42:077][  0]LogModelComponent: Model /Game/Maps/FirstPersonExampleMap.FirstPersonExampleMap:PersistentLevel.ModelComponent_25 has elements that reference missing vertices. MaxVertex=207, NumVertices=0
[2020.01.18-14.19.42:077][  0]LogModelComponent: Model /Game/Maps/FirstPersonExampleMap.FirstPersonExampleMap:PersistentLevel.ModelComponent_25 has elements that reference missing vertices. MaxVertex=359, NumVertices=0
[2020.01.18-14.19.42:077][  0]LogModelComponent: Model /Game/Maps/FirstPersonExampleMap.FirstPersonExampleMap:PersistentLevel.ModelComponent_25 has elements that reference missing vertices. MaxVertex=175, NumVertices=0
[2020.01.18-14.19.42:077][  0]LogModelComponent: Model /Game/Maps/FirstPersonExampleMap.FirstPersonExampleMap:PersistentLevel.ModelComponent_25 has elements that reference missing vertices. MaxVertex=323, NumVertices=0
[2020.01.18-14.19.42:077][  0]LogModelComponent: Model /Game/Maps/FirstPersonExampleMap.FirstPersonExampleMap:PersistentLevel.ModelComponent_25 has elements that reference missing vertices. MaxVertex=179, NumVertices=0
[2020.01.18-14.19.42:077][  0]LogModelComponent: Model /Game/Maps/FirstPersonExampleMap.FirstPersonExampleMap:PersistentLevel.ModelComponent_25 has elements that reference missing vertices. MaxVertex=187, NumVertices=0
[2020.01.18-14.19.42:077][  0]LogModelComponent: Model /Game/Maps/FirstPersonExampleMap.FirstPersonExampleMap:PersistentLevel.ModelComponent_25 has elements that reference missing vertices. MaxVertex=191, NumVertices=0
[2020.01.18-14.19.42:077][  0]LogModelComponent: Model /Game/Maps/FirstPersonExampleMap.FirstPersonExampleMap:PersistentLevel.ModelComponent_25 has elements that reference missing vertices. MaxVertex=199, NumVertices=0
[2020.01.18-14.19.42:077][  0]LogModelComponent: Model /Game/Maps/FirstPersonExampleMap.FirstPersonExampleMap:PersistentLevel.ModelComponent_25 has elements that reference missing vertices. MaxVertex=203, NumVertices=0
[2020.01.18-14.19.42:077][  0]LogModelComponent: Model /Game/Maps/FirstPersonExampleMap.FirstPersonExampleMap:PersistentLevel.ModelComponent_25 has elements that reference missing vertices. MaxVertex=327, NumVertices=0
[2020.01.18-14.19.42:078][  0]LogModelComponent: Model /Game/Maps/FirstPersonExampleMap.FirstPersonExampleMap:PersistentLevel.ModelComponent_25 has elements that reference missing vertices. MaxVertex=219, NumVertices=0
[2020.01.18-14.19.42:078][  0]LogModelComponent: Model /Game/Maps/FirstPersonExampleMap.FirstPersonExampleMap:PersistentLevel.ModelComponent_25 has elements that reference missing vertices. MaxVertex=223, NumVertices=0
[2020.01.18-14.19.42:078][  0]LogModelComponent: Model /Game/Maps/FirstPersonExampleMap.FirstPersonExampleMap:PersistentLevel.ModelComponent_25 has elements that reference missing vertices. MaxVertex=227, NumVertices=0
[2020.01.18-14.19.42:078][  0]LogModelComponent: Model /Game/Maps/FirstPersonExampleMap.FirstPersonExampleMap:PersistentLevel.ModelComponent_25 has elements that reference missing vertices. MaxVertex=231, NumVertices=0
[2020.01.18-14.19.42:078][  0]LogModelComponent: Model /Game/Maps/FirstPersonExampleMap.FirstPersonExampleMap:PersistentLevel.ModelComponent_25 has elements that reference missing vertices. MaxVertex=355, NumVertices=0
[2020.01.18-14.19.42:078][  0]LogModelComponent: Model /Game/Maps/FirstPersonExampleMap.FirstPersonExampleMap:PersistentLevel.ModelComponent_25 has elements that reference missing vertices. MaxVertex=387, NumVertices=0
[2020.01.18-14.19.42:078][  0]LogModelComponent: Model /Game/Maps/FirstPersonExampleMap.FirstPersonExampleMap:PersistentLevel.ModelComponent_25 has elements that reference missing vertices. MaxVertex=399, NumVertices=0
[2020.01.18-14.19.42:078][  0]LogModelComponent: Model /Game/Maps/FirstPersonExampleMap.FirstPersonExampleMap:PersistentLevel.ModelComponent_26 has elements that reference missing vertices. MaxVertex=43, NumVertices=0
[2020.01.18-14.19.42:078][  0]LogModelComponent: Model /Game/Maps/FirstPersonExampleMap.FirstPersonExampleMap:PersistentLevel.ModelComponent_26 has elements that reference missing vertices. MaxVertex=47, NumVertices=0
[2020.01.18-14.19.42:078][  0]LogModelComponent: Model /Game/Maps/FirstPersonExampleMap.FirstPersonExampleMap:PersistentLevel.ModelComponent_26 has elements that reference missing vertices. MaxVertex=67, NumVertices=0
[2020.01.18-14.19.42:078][  0]LogModelComponent: Model /Game/Maps/FirstPersonExampleMap.FirstPersonExampleMap:PersistentLevel.ModelComponent_26 has elements that reference missing vertices. MaxVertex=71, NumVertices=0
[2020.01.18-14.19.42:078][  0]LogModelComponent: Model /Game/Maps/FirstPersonExampleMap.FirstPersonExampleMap:PersistentLevel.ModelComponent_26 has elements that reference missing vertices. MaxVertex=75, NumVertices=0
[2020.01.18-14.19.42:078][  0]LogModelComponent: Model /Game/Maps/FirstPersonExampleMap.FirstPersonExampleMap:PersistentLevel.ModelComponent_26 has elements that reference missing vertices. MaxVertex=79, NumVertices=0
[2020.01.18-14.19.42:078][  0]LogModelComponent: Model /Game/Maps/FirstPersonExampleMap.FirstPersonExampleMap:PersistentLevel.ModelComponent_26 has elements that reference missing vertices. MaxVertex=511, NumVertices=0
[2020.01.18-14.19.42:078][  0]LogModelComponent: Model /Game/Maps/FirstPersonExampleMap.FirstPersonExampleMap:PersistentLevel.ModelComponent_26 has elements that reference missing vertices. MaxVertex=543, NumVertices=0
[2020.01.18-14.19.42:078][  0]LogModelComponent: Model /Game/Maps/FirstPersonExampleMap.FirstPersonExampleMap:PersistentLevel.ModelComponent_26 has elements that reference missing vertices. MaxVertex=87, NumVertices=0
[2020.01.18-14.19.42:078][  0]LogModelComponent: Model /Game/Maps/FirstPersonExampleMap.FirstPersonExampleMap:PersistentLevel.ModelComponent_26 has elements that reference missing vertices. MaxVertex=515, NumVertices=0
[2020.01.18-14.19.42:078][  0]LogModelComponent: Model /Game/Maps/FirstPersonExampleMap.FirstPersonExampleMap:PersistentLevel.ModelComponent_26 has elements that reference missing vertices. MaxVertex=99, NumVertices=0
[2020.01.18-14.19.42:078][  0]LogModelComponent: Model /Game/Maps/FirstPersonExampleMap.FirstPersonExampleMap:PersistentLevel.ModelComponent_26 has elements that reference missing vertices. MaxVertex=103, NumVertices=0
[2020.01.18-14.19.42:078][  0]LogModelComponent: Model /Game/Maps/FirstPersonExampleMap.FirstPersonExampleMap:PersistentLevel.ModelComponent_26 has elements that reference missing vertices. MaxVertex=111, NumVertices=0
[2020.01.18-14.19.42:078][  0]LogModelComponent: Model /Game/Maps/FirstPersonExampleMap.FirstPersonExampleMap:PersistentLevel.ModelComponent_26 has elements that reference missing vertices. MaxVertex=451, NumVertices=0
[2020.01.18-14.19.42:078][  0]LogModelComponent: Model /Game/Maps/FirstPersonExampleMap.FirstPersonExampleMap:PersistentLevel.ModelComponent_26 has elements that reference missing vertices. MaxVertex=455, NumVertices=0
[2020.01.18-14.19.42:078][  0]LogModelComponent: Model /Game/Maps/FirstPersonExampleMap.FirstPersonExampleMap:PersistentLevel.ModelComponent_26 has elements that reference missing vertices. MaxVertex=459, NumVertices=0
[2020.01.18-14.19.42:078][  0]LogModelComponent: Model /Game/Maps/FirstPersonExampleMap.FirstPersonExampleMap:PersistentLevel.ModelComponent_26 has elements that reference missing vertices. MaxVertex=519, NumVertices=0
[2020.01.18-14.19.42:078][  0]LogModelComponent: Model /Game/Maps/FirstPersonExampleMap.FirstPersonExampleMap:PersistentLevel.ModelComponent_26 has elements that reference missing vertices. MaxVertex=523, NumVertices=0
[2020.01.18-14.19.42:078][  0]LogModelComponent: Model /Game/Maps/FirstPersonExampleMap.FirstPersonExampleMap:PersistentLevel.ModelComponent_26 has elements that reference missing vertices. MaxVertex=119, NumVertices=0
[2020.01.18-14.19.42:078][  0]LogModelComponent: Model /Game/Maps/FirstPersonExampleMap.FirstPersonExampleMap:PersistentLevel.ModelComponent_26 has elements that reference missing vertices. MaxVertex=123, NumVertices=0
[2020.01.18-14.19.42:078][  0]LogModelComponent: Model /Game/Maps/FirstPersonExampleMap.FirstPersonExampleMap:PersistentLevel.ModelComponent_26 has elements that reference missing vertices. MaxVertex=131, NumVertices=0
[2020.01.18-14.19.42:078][  0]LogModelComponent: Model /Game/Maps/FirstPersonExampleMap.FirstPersonExampleMap:PersistentLevel.ModelComponent_26 has elements that reference missing vertices. MaxVertex=159, NumVertices=0
[2020.01.18-14.19.42:078][  0]LogModelComponent: Model /Game/Maps/FirstPersonExampleMap.FirstPersonExampleMap:PersistentLevel.ModelComponent_26 has elements that reference missing vertices. MaxVertex=479, NumVertices=0
[2020.01.18-14.19.42:078][  0]LogModelComponent: Model /Game/Maps/FirstPersonExampleMap.FirstPersonExampleMap:PersistentLevel.ModelComponent_26 has elements that reference missing vertices. MaxVertex=483, NumVertices=0
[2020.01.18-14.19.42:078][  0]LogModelComponent: Model /Game/Maps/FirstPersonExampleMap.FirstPersonExampleMap:PersistentLevel.ModelComponent_26 has elements that reference missing vertices. MaxVertex=487, NumVertices=0
[2020.01.18-14.19.42:078][  0]LogModelComponent: Model /Game/Maps/FirstPersonExampleMap.FirstPersonExampleMap:PersistentLevel.ModelComponent_26 has elements that reference missing vertices. MaxVertex=551, NumVertices=0
[2020.01.18-14.19.42:078][  0]LogModelComponent: Model /Game/Maps/FirstPersonExampleMap.FirstPersonExampleMap:PersistentLevel.ModelComponent_26 has elements that reference missing vertices. MaxVertex=555, NumVertices=0
[2020.01.18-14.19.42:078][  0]LogModelComponent: Model /Game/Maps/FirstPersonExampleMap.FirstPersonExampleMap:PersistentLevel.ModelComponent_26 has elements that reference missing vertices. MaxVertex=139, NumVertices=0
[2020.01.18-14.19.42:078][  0]LogModelComponent: Model /Game/Maps/FirstPersonExampleMap.FirstPersonExampleMap:PersistentLevel.ModelComponent_26 has elements that reference missing vertices. MaxVertex=143, NumVertices=0
[2020.01.18-14.19.42:078][  0]LogModelComponent: Model /Game/Maps/FirstPersonExampleMap.FirstPersonExampleMap:PersistentLevel.ModelComponent_26 has elements that reference missing vertices. MaxVertex=147, NumVertices=0
[2020.01.18-14.19.42:078][  0]LogModelComponent: Model /Game/Maps/FirstPersonExampleMap.FirstPersonExampleMap:PersistentLevel.ModelComponent_26 has elements that reference missing vertices. MaxVertex=151, NumVertices=0
[2020.01.18-14.19.42:078][  0]LogModelComponent: Model /Game/Maps/FirstPersonExampleMap.FirstPersonExampleMap:PersistentLevel.ModelComponent_26 has elements that reference missing vertices. MaxVertex=155, NumVertices=0
[2020.01.18-14.19.42:078][  0]LogModelComponent: Model /Game/Maps/FirstPersonExampleMap.FirstPersonExampleMap:PersistentLevel.ModelComponent_26 has elements that reference missing vertices. MaxVertex=171, NumVertices=0
[2020.01.18-14.19.42:078][  0]LogModelComponent: Model /Game/Maps/FirstPersonExampleMap.FirstPersonExampleMap:PersistentLevel.ModelComponent_26 has elements that reference missing vertices. MaxVertex=403, NumVertices=0
[2020.01.18-14.19.42:078][  0]LogModelComponent: Model /Game/Maps/FirstPersonExampleMap.FirstPersonExampleMap:PersistentLevel.ModelComponent_26 has elements that reference missing vertices. MaxVertex=407, NumVertices=0
[2020.01.18-14.19.42:078][  0]LogModelComponent: Model /Game/Maps/FirstPersonExampleMap.FirstPersonExampleMap:PersistentLevel.ModelComponent_26 has elements that reference missing vertices. MaxVertex=411, NumVertices=0
[2020.01.18-14.19.42:078][  0]LogModelComponent: Model /Game/Maps/FirstPersonExampleMap.FirstPersonExampleMap:PersistentLevel.ModelComponent_26 has elements that reference missing vertices. MaxVertex=431, NumVertices=0
[2020.01.18-14.19.42:078][  0]LogModelComponent: Model /Game/Maps/FirstPersonExampleMap.FirstPersonExampleMap:PersistentLevel.ModelComponent_26 has elements that reference missing vertices. MaxVertex=439, NumVertices=0
[2020.01.18-14.19.42:078][  0]LogModelComponent: Model /Game/Maps/FirstPersonExampleMap.FirstPersonExampleMap:PersistentLevel.ModelComponent_26 has elements that reference missing vertices. MaxVertex=503, NumVertices=0
[2020.01.18-14.19.42:078][  0]LogModelComponent: Model /Game/Maps/FirstPersonExampleMap.FirstPersonExampleMap:PersistentLevel.ModelComponent_26 has elements that reference missing vertices. MaxVertex=547, NumVertices=0
[2020.01.18-14.19.42:078][  0]LogModelComponent: Model /Game/Maps/FirstPersonExampleMap.FirstPersonExampleMap:PersistentLevel.ModelComponent_26 has elements that reference missing vertices. MaxVertex=575, NumVertices=0
[2020.01.18-14.19.42:078][  0]LogModelComponent: Model /Game/Maps/FirstPersonExampleMap.FirstPersonExampleMap:PersistentLevel.ModelComponent_26 has elements that reference missing vertices. MaxVertex=579, NumVertices=0
[2020.01.18-14.19.42:078][  0]LogModelComponent: Model /Game/Maps/FirstPersonExampleMap.FirstPersonExampleMap:PersistentLevel.ModelComponent_26 has elements that reference missing vertices. MaxVertex=591, NumVertices=0
[2020.01.18-14.19.42:078][  0]LogModelComponent: Model /Game/Maps/FirstPersonExampleMap.FirstPersonExampleMap:PersistentLevel.ModelComponent_26 has elements that reference missing vertices. MaxVertex=595, NumVertices=0
[2020.01.18-14.19.42:078][  0]LogModelComponent: Model /Game/Maps/FirstPersonExampleMap.FirstPersonExampleMap:PersistentLevel.ModelComponent_27 has elements that reference missing vertices. MaxVertex=51, NumVertices=0
[2020.01.18-14.19.42:078][  0]LogModelComponent: Model /Game/Maps/FirstPersonExampleMap.FirstPersonExampleMap:PersistentLevel.ModelComponent_27 has elements that reference missing vertices. MaxVertex=55, NumVertices=0
[2020.01.18-14.19.42:079][  0]LogModelComponent: Model /Game/Maps/FirstPersonExampleMap.FirstPersonExampleMap:PersistentLevel.ModelComponent_27 has elements that reference missing vertices. MaxVertex=599, NumVertices=0
[2020.01.18-14.19.42:079][  0]LogModelComponent: Model /Game/Maps/FirstPersonExampleMap.FirstPersonExampleMap:PersistentLevel.ModelComponent_27 has elements that reference missing vertices. MaxVertex=183, NumVertices=0
[2020.01.18-14.19.42:079][  0]LogModelComponent: Model /Game/Maps/FirstPersonExampleMap.FirstPersonExampleMap:PersistentLevel.ModelComponent_27 has elements that reference missing vertices. MaxVertex=195, NumVertices=0
[2020.01.18-14.19.42:079][  0]LogModelComponent: Model /Game/Maps/FirstPersonExampleMap.FirstPersonExampleMap:PersistentLevel.ModelComponent_27 has elements that reference missing vertices. MaxVertex=211, NumVertices=0
[2020.01.18-14.19.42:079][  0]LogModelComponent: Model /Game/Maps/FirstPersonExampleMap.FirstPersonExampleMap:PersistentLevel.ModelComponent_27 has elements that reference missing vertices. MaxVertex=603, NumVertices=0
[2020.01.18-14.19.42:079][  0]LogModelComponent: Model /Game/Maps/FirstPersonExampleMap.FirstPersonExampleMap:PersistentLevel.ModelComponent_27 has elements that reference missing vertices. MaxVertex=215, NumVertices=0
[2020.01.18-14.19.42:079][  0]LogModelComponent: Model /Game/Maps/FirstPersonExampleMap.FirstPersonExampleMap:PersistentLevel.ModelComponent_27 has elements that reference missing vertices. MaxVertex=587, NumVertices=0
[2020.01.18-14.19.42:079][  0]LogModelComponent: Model /Game/Maps/FirstPersonExampleMap.FirstPersonExampleMap:PersistentLevel.ModelComponent_27 has elements that reference missing vertices. MaxVertex=415, NumVertices=0
[2020.01.18-14.19.42:079][  0]LogModelComponent: Model /Game/Maps/FirstPersonExampleMap.FirstPersonExampleMap:PersistentLevel.ModelComponent_27 has elements that reference missing vertices. MaxVertex=419, NumVertices=0
[2020.01.18-14.19.42:079][  0]LogModelComponent: Model /Game/Maps/FirstPersonExampleMap.FirstPersonExampleMap:PersistentLevel.ModelComponent_27 has elements that reference missing vertices. MaxVertex=423, NumVertices=0
[2020.01.18-14.19.42:079][  0]LogModelComponent: Model /Game/Maps/FirstPersonExampleMap.FirstPersonExampleMap:PersistentLevel.ModelComponent_27 has elements that reference missing vertices. MaxVertex=427, NumVertices=0
[2020.01.18-14.19.42:079][  0]LogModelComponent: Model /Game/Maps/FirstPersonExampleMap.FirstPersonExampleMap:PersistentLevel.ModelComponent_27 has elements that reference missing vertices. MaxVertex=435, NumVertices=0
[2020.01.18-14.19.42:079][  0]LogModelComponent: Model /Game/Maps/FirstPersonExampleMap.FirstPersonExampleMap:PersistentLevel.ModelComponent_27 has elements that reference missing vertices. MaxVertex=443, NumVertices=0
[2020.01.18-14.19.42:079][  0]LogModelComponent: Model /Game/Maps/FirstPersonExampleMap.FirstPersonExampleMap:PersistentLevel.ModelComponent_27 has elements that reference missing vertices. MaxVertex=447, NumVertices=0
[2020.01.18-14.19.42:079][  0]LogModelComponent: Model /Game/Maps/FirstPersonExampleMap.FirstPersonExampleMap:PersistentLevel.ModelComponent_27 has elements that reference missing vertices. MaxVertex=463, NumVertices=0
[2020.01.18-14.19.42:079][  0]LogModelComponent: Model /Game/Maps/FirstPersonExampleMap.FirstPersonExampleMap:PersistentLevel.ModelComponent_27 has elements that reference missing vertices. MaxVertex=467, NumVertices=0
[2020.01.18-14.19.42:079][  0]LogModelComponent: Model /Game/Maps/FirstPersonExampleMap.FirstPersonExampleMap:PersistentLevel.ModelComponent_27 has elements that reference missing vertices. MaxVertex=471, NumVertices=0
[2020.01.18-14.19.42:079][  0]LogModelComponent: Model /Game/Maps/FirstPersonExampleMap.FirstPersonExampleMap:PersistentLevel.ModelComponent_27 has elements that reference missing vertices. MaxVertex=535, NumVertices=0
[2020.01.18-14.19.42:079][  0]LogModelComponent: Model /Game/Maps/FirstPersonExampleMap.FirstPersonExampleMap:PersistentLevel.ModelComponent_27 has elements that reference missing vertices. MaxVertex=539, NumVertices=0
[2020.01.18-14.19.42:079][  0]LogModelComponent: Model /Game/Maps/FirstPersonExampleMap.FirstPersonExampleMap:PersistentLevel.ModelComponent_27 has elements that reference missing vertices. MaxVertex=475, NumVertices=0
[2020.01.18-14.19.42:079][  0]LogModelComponent: Model /Game/Maps/FirstPersonExampleMap.FirstPersonExampleMap:PersistentLevel.ModelComponent_27 has elements that reference missing vertices. MaxVertex=491, NumVertices=0
[2020.01.18-14.19.42:079][  0]LogModelComponent: Model /Game/Maps/FirstPersonExampleMap.FirstPersonExampleMap:PersistentLevel.ModelComponent_27 has elements that reference missing vertices. MaxVertex=495, NumVertices=0
[2020.01.18-14.19.42:079][  0]LogModelComponent: Model /Game/Maps/FirstPersonExampleMap.FirstPersonExampleMap:PersistentLevel.ModelComponent_27 has elements that reference missing vertices. MaxVertex=499, NumVertices=0
[2020.01.18-14.19.42:079][  0]LogModelComponent: Model /Game/Maps/FirstPersonExampleMap.FirstPersonExampleMap:PersistentLevel.ModelComponent_27 has elements that reference missing vertices. MaxVertex=567, NumVertices=0
[2020.01.18-14.19.42:079][  0]LogModelComponent: Model /Game/Maps/FirstPersonExampleMap.FirstPersonExampleMap:PersistentLevel.ModelComponent_27 has elements that reference missing vertices. MaxVertex=571, NumVertices=0
[2020.01.18-14.19.42:079][  0]LogModelComponent: Model /Game/Maps/FirstPersonExampleMap.FirstPersonExampleMap:PersistentLevel.ModelComponent_27 has elements that reference missing vertices. MaxVertex=507, NumVertices=0
[2020.01.18-14.19.42:079][  0]LogModelComponent: Model /Game/Maps/FirstPersonExampleMap.FirstPersonExampleMap:PersistentLevel.ModelComponent_27 has elements that reference missing vertices. MaxVertex=527, NumVertices=0
[2020.01.18-14.19.42:079][  0]LogModelComponent: Model /Game/Maps/FirstPersonExampleMap.FirstPersonExampleMap:PersistentLevel.ModelComponent_27 has elements that reference missing vertices. MaxVertex=531, NumVertices=0
[2020.01.18-14.19.42:079][  0]LogModelComponent: Model /Game/Maps/FirstPersonExampleMap.FirstPersonExampleMap:PersistentLevel.ModelComponent_27 has elements that reference missing vertices. MaxVertex=559, NumVertices=0
[2020.01.18-14.19.42:079][  0]LogModelComponent: Model /Game/Maps/FirstPersonExampleMap.FirstPersonExampleMap:PersistentLevel.ModelComponent_27 has elements that reference missing vertices. MaxVertex=563, NumVertices=0
[2020.01.18-14.19.42:079][  0]LogModelComponent: Model /Game/Maps/FirstPersonExampleMap.FirstPersonExampleMap:PersistentLevel.ModelComponent_27 has elements that reference missing vertices. MaxVertex=583, NumVertices=0
[2020.01.18-14.19.42:079][  0]LogModelComponent: Model /Game/Maps/FirstPersonExampleMap.FirstPersonExampleMap:PersistentLevel.ModelComponent_28 has elements that reference missing vertices. MaxVertex=63, NumVertices=0
[2020.01.18-14.19.42:079][  0]LogModelComponent: Model /Game/Maps/FirstPersonExampleMap.FirstPersonExampleMap:PersistentLevel.ModelComponent_28 has elements that reference missing vertices. MaxVertex=83, NumVertices=0
[2020.01.18-14.19.42:079][  0]LogModelComponent: Model /Game/Maps/FirstPersonExampleMap.FirstPersonExampleMap:PersistentLevel.ModelComponent_28 has elements that reference missing vertices. MaxVertex=319, NumVertices=0
[2020.01.18-14.19.42:079][  0]LogModelComponent: Model /Game/Maps/FirstPersonExampleMap.FirstPersonExampleMap:PersistentLevel.ModelComponent_28 has elements that reference missing vertices. MaxVertex=91, NumVertices=0
[2020.01.18-14.19.42:079][  0]LogModelComponent: Model /Game/Maps/FirstPersonExampleMap.FirstPersonExampleMap:PersistentLevel.ModelComponent_28 has elements that reference missing vertices. MaxVertex=351, NumVertices=0
[2020.01.18-14.19.42:079][  0]LogModelComponent: Model /Game/Maps/FirstPersonExampleMap.FirstPersonExampleMap:PersistentLevel.ModelComponent_28 has elements that reference missing vertices. MaxVertex=95, NumVertices=0
[2020.01.18-14.19.42:079][  0]LogModelComponent: Model /Game/Maps/FirstPersonExampleMap.FirstPersonExampleMap:PersistentLevel.ModelComponent_28 has elements that reference missing vertices. MaxVertex=107, NumVertices=0
[2020.01.18-14.19.42:079][  0]LogModelComponent: Model /Game/Maps/FirstPersonExampleMap.FirstPersonExampleMap:PersistentLevel.ModelComponent_28 has elements that reference missing vertices. MaxVertex=335, NumVertices=0
[2020.01.18-14.19.42:079][  0]LogModelComponent: Model /Game/Maps/FirstPersonExampleMap.FirstPersonExampleMap:PersistentLevel.ModelComponent_28 has elements that reference missing vertices. MaxVertex=339, NumVertices=0
[2020.01.18-14.19.42:079][  0]LogModelComponent: Model /Game/Maps/FirstPersonExampleMap.FirstPersonExampleMap:PersistentLevel.ModelComponent_28 has elements that reference missing vertices. MaxVertex=115, NumVertices=0
[2020.01.18-14.19.42:079][  0]LogModelComponent: Model /Game/Maps/FirstPersonExampleMap.FirstPersonExampleMap:PersistentLevel.ModelComponent_28 has elements that reference missing vertices. MaxVertex=127, NumVertices=0
[2020.01.18-14.19.42:079][  0]LogModelComponent: Model /Game/Maps/FirstPersonExampleMap.FirstPersonExampleMap:PersistentLevel.ModelComponent_28 has elements that reference missing vertices. MaxVertex=367, NumVertices=0
[2020.01.18-14.19.42:079][  0]LogModelComponent: Model /Game/Maps/FirstPersonExampleMap.FirstPersonExampleMap:PersistentLevel.ModelComponent_28 has elements that reference missing vertices. MaxVertex=371, NumVertices=0
[2020.01.18-14.19.42:079][  0]LogModelComponent: Model /Game/Maps/FirstPersonExampleMap.FirstPersonExampleMap:PersistentLevel.ModelComponent_28 has elements that reference missing vertices. MaxVertex=163, NumVertices=0
[2020.01.18-14.19.42:079][  0]LogModelComponent: Model /Game/Maps/FirstPersonExampleMap.FirstPersonExampleMap:PersistentLevel.ModelComponent_28 has elements that reference missing vertices. MaxVertex=167, NumVertices=0
[2020.01.18-14.19.42:079][  0]LogModelComponent: Model /Game/Maps/FirstPersonExampleMap.FirstPersonExampleMap:PersistentLevel.ModelComponent_29 has elements that reference missing vertices. MaxVertex=247, NumVertices=0
[2020.01.18-14.19.42:079][  0]LogModelComponent: Model /Game/Maps/FirstPersonExampleMap.FirstPersonExampleMap:PersistentLevel.ModelComponent_29 has elements that reference missing vertices. MaxVertex=251, NumVertices=0
[2020.01.18-14.19.42:079][  0]LogModelComponent: Model /Game/Maps/FirstPersonExampleMap.FirstPersonExampleMap:PersistentLevel.ModelComponent_29 has elements that reference missing vertices. MaxVertex=255, NumVertices=0
[2020.01.18-14.19.42:079][  0]LogModelComponent: Model /Game/Maps/FirstPersonExampleMap.FirstPersonExampleMap:PersistentLevel.ModelComponent_29 has elements that reference missing vertices. MaxVertex=259, NumVertices=0
[2020.01.18-14.19.42:079][  0]LogModelComponent: Model /Game/Maps/FirstPersonExampleMap.FirstPersonExampleMap:PersistentLevel.ModelComponent_29 has elements that reference missing vertices. MaxVertex=263, NumVertices=0
[2020.01.18-14.19.42:079][  0]LogModelComponent: Model /Game/Maps/FirstPersonExampleMap.FirstPersonExampleMap:PersistentLevel.ModelComponent_29 has elements that reference missing vertices. MaxVertex=267, NumVertices=0
[2020.01.18-14.19.42:079][  0]LogModelComponent: Model /Game/Maps/FirstPersonExampleMap.FirstPersonExampleMap:PersistentLevel.ModelComponent_29 has elements that reference missing vertices. MaxVertex=271, NumVertices=0
[2020.01.18-14.19.42:079][  0]LogModelComponent: Model /Game/Maps/FirstPersonExampleMap.FirstPersonExampleMap:PersistentLevel.ModelComponent_29 has elements that reference missing vertices. MaxVertex=275, NumVertices=0
[2020.01.18-14.19.42:079][  0]LogModelComponent: Model /Game/Maps/FirstPersonExampleMap.FirstPersonExampleMap:PersistentLevel.ModelComponent_29 has elements that reference missing vertices. MaxVertex=279, NumVertices=0
[2020.01.18-14.19.42:079][  0]LogModelComponent: Model /Game/Maps/FirstPersonExampleMap.FirstPersonExampleMap:PersistentLevel.ModelComponent_29 has elements that reference missing vertices. MaxVertex=283, NumVertices=0
[2020.01.18-14.19.42:079][  0]LogModelComponent: Model /Game/Maps/FirstPersonExampleMap.FirstPersonExampleMap:PersistentLevel.ModelComponent_29 has elements that reference missing vertices. MaxVertex=331, NumVertices=0
[2020.01.18-14.19.42:079][  0]LogModelComponent: Model /Game/Maps/FirstPersonExampleMap.FirstPersonExampleMap:PersistentLevel.ModelComponent_29 has elements that reference missing vertices. MaxVertex=291, NumVertices=0
[2020.01.18-14.19.42:080][  0]LogModelComponent: Model /Game/Maps/FirstPersonExampleMap.FirstPersonExampleMap:PersistentLevel.ModelComponent_29 has elements that reference missing vertices. MaxVertex=295, NumVertices=0
[2020.01.18-14.19.42:080][  0]LogModelComponent: Model /Game/Maps/FirstPersonExampleMap.FirstPersonExampleMap:PersistentLevel.ModelComponent_29 has elements that reference missing vertices. MaxVertex=299, NumVertices=0
[2020.01.18-14.19.42:080][  0]LogModelComponent: Model /Game/Maps/FirstPersonExampleMap.FirstPersonExampleMap:PersistentLevel.ModelComponent_29 has elements that reference missing vertices. MaxVertex=303, NumVertices=0
[2020.01.18-14.19.42:080][  0]LogModelComponent: Model /Game/Maps/FirstPersonExampleMap.FirstPersonExampleMap:PersistentLevel.ModelComponent_29 has elements that reference missing vertices. MaxVertex=363, NumVertices=0
[2020.01.18-14.19.42:080][  0]LogModelComponent: Model /Game/Maps/FirstPersonExampleMap.FirstPersonExampleMap:PersistentLevel.ModelComponent_29 has elements that reference missing vertices. MaxVertex=311, NumVertices=0
[2020.01.18-14.19.42:080][  0]LogModelComponent: Model /Game/Maps/FirstPersonExampleMap.FirstPersonExampleMap:PersistentLevel.ModelComponent_29 has elements that reference missing vertices. MaxVertex=343, NumVertices=0
[2020.01.18-14.19.42:080][  0]LogModelComponent: Model /Game/Maps/FirstPersonExampleMap.FirstPersonExampleMap:PersistentLevel.ModelComponent_29 has elements that reference missing vertices. MaxVertex=375, NumVertices=0
[2020.01.18-14.19.42:080][  0]LogModelComponent: Model /Game/Maps/FirstPersonExampleMap.FirstPersonExampleMap:PersistentLevel.ModelComponent_29 has elements that reference missing vertices. MaxVertex=383, NumVertices=0
[2020.01.18-14.19.42:080][  0]LogModelComponent: Model /Game/Maps/FirstPersonExampleMap.FirstPersonExampleMap:PersistentLevel.ModelComponent_29 has elements that reference missing vertices. MaxVertex=395, NumVertices=0
[2020.01.18-14.19.42:081][  0]LogAIModule: Creating AISystem for world FirstPersonExampleMap
[2020.01.18-14.19.42:081][  0]LogLoad: Game class is 'BP_GameMode_C'
[2020.01.18-14.19.42:262][  0]LogWorld: Bringing World /Game/Maps/FirstPersonExampleMap.FirstPersonExampleMap up for play (max tick rate 0) at 2020.01.18-19.49.42
[2020.01.18-14.19.42:289][  0]LogWorld: Bringing up level for play took: 0.206654
[2020.01.18-14.19.42:306][  0]LogUMG: Display: Widget Class WBP_GaurdState_C - Loaded Fast Template.
[2020.01.18-14.19.42:306][  0]LogUMG: Display: Widget Class WBP_ObjectiveInfo_C - Loaded Fast Template.
[2020.01.18-14.19.42:308][  0]LogLoad: Took 0.676694 seconds to LoadMap(/Game/Maps/FirstPersonExampleMap)
[2020.01.18-14.19.42:324][  0]LogSlate: Took 0.015143 seconds to synchronously load lazily loaded font '../../../Engine/Content/EngineFonts/Faces/RobotoBold.ufont' (160K)
[2020.01.18-14.19.42:353][  0]LogRenderer: Reallocating scene render targets to support 1536x864 Format 10 NumSamples 1 (Frame:1).
[2020.01.18-14.19.42:353][  0]LogSlate: Took 0.002329 seconds to synchronously load lazily loaded font '../../../Engine/Content/EngineFonts/Faces/RobotoRegular.ufont' (155K)
[2020.01.18-14.19.42:357][  0]LogLoad: (Engine Initialization) Total time: 9.73 seconds
[2020.01.18-14.19.42:449][  0]LogContentStreaming: Texture pool size now 1000 MB
[2020.01.18-14.19.42:682][  0]LogSlate: Slate font cache was flushed
[2020.01.18-14.19.42:747][  1]LogSlate: Took 0.000140 seconds to synchronously load lazily loaded font '../../../Engine/Content/EngineFonts/Faces/RobotoRegular.ufont' (155K)
[2020.01.18-14.19.42:751][  1]LogSlate: Took 0.000162 seconds to synchronously load lazily loaded font '../../../Engine/Content/EngineFonts/Faces/RobotoBold.ufont' (160K)
[2020.01.18-14.20.21:311][ 85]LogUMG: Display: Widget Class WBP_GameOver_C - Loaded Fast Template.
[2020.01.18-14.20.34:201][459]LogSlate: Request Window 'FPSGame (64-bit Development PCD3D_SM5) ' being destroyed
[2020.01.18-14.20.34:258][459]LogSlate: Window 'FPSGame (64-bit Development PCD3D_SM5) ' being destroyed
[2020.01.18-14.20.34:259][459]LogWindowsTextInputMethodSystem: Display: IME system now deactivated.
[2020.01.18-14.20.34:265][459]LogSlate: Updating window title bar state: overlay mode, drag disabled, window buttons hidden, title bar hidden
[2020.01.18-14.20.34:267][459]LogEngine: All Windows Closed
[2020.01.18-14.20.34:269][459]LogWindows: FPlatformMisc::RequestExit(0)
[2020.01.18-14.20.35:181][460]LogSlate: Slate User Destroyed.  User Index 0, Is Virtual User: 0
[2020.01.18-14.20.35:181][460]LogExit: Preparing to exit.
[2020.01.18-14.20.35:181][460]LogMoviePlayer: Shutting down movie player
[2020.01.18-14.20.35:186][460]LogSlate: Updating window title bar state: overlay mode, drag disabled, window buttons hidden, title bar hidden
[2020.01.18-14.20.35:189][460]LogExit: Game engine shut down
[2020.01.18-14.20.35:229][460]LogExit: Object subsystem successfully closed.
[2020.01.18-14.20.35:278][460]LogD3D11RHI: Shutdown
[2020.01.18-14.20.35:278][460]LogD3D11RHI: CleanupD3DDevice
[2020.01.18-14.20.35:280][460]LogD3D11RHI: ~FD3D11DynamicRHI
[2020.01.18-14.20.35:280][460]LogModuleManager: Shutting down and abandoning module AutomationController (196)
[2020.01.18-14.20.35:280][460]LogModuleManager: Shutting down and abandoning module AutomationWorker (194)
[2020.01.18-14.20.35:280][460]LogModuleManager: Shutting down and abandoning module Voice (192)
[2020.01.18-14.20.35:280][460]LogModuleManager: Shutting down and abandoning module AIModule (190)
[2020.01.18-14.20.35:280][460]LogModuleManager: Shutting down and abandoning module GameplayDebugger (189)
[2020.01.18-14.20.35:280][460]LogModuleManager: Shutting down and abandoning module NavigationSystem (187)
[2020.01.18-14.20.35:280][460]LogModuleManager: Shutting down and abandoning module WebMMediaFactory (184)
[2020.01.18-14.20.35:280][460]LogModuleManager: Shutting down and abandoning module WebMMedia (182)
[2020.01.18-14.20.35:280][460]LogModuleManager: Shutting down and abandoning module WmfMediaFactory (180)
[2020.01.18-14.20.35:280][460]LogModuleManager: Shutting down and abandoning module OpenExrWrapper (178)
[2020.01.18-14.20.35:280][460]LogModuleManager: Shutting down and abandoning module ImgMediaFactory (176)
[2020.01.18-14.20.35:280][460]LogModuleManager: Shutting down and abandoning module AvfMediaFactory (174)
[2020.01.18-14.20.35:280][460]LogModuleManager: Shutting down and abandoning module CharacterAI (172)
[2020.01.18-14.20.35:280][460]LogModuleManager: Shutting down and abandoning module SessionServices (170)
[2020.01.18-14.20.35:280][460]LogModuleManager: Shutting down and abandoning module MovieSceneTracks (168)
[2020.01.18-14.20.35:280][460]LogModuleManager: Shutting down and abandoning module MovieScene (166)
[2020.01.18-14.20.35:280][460]LogModuleManager: Shutting down and abandoning module StreamingPauseRendering (164)
[2020.01.18-14.20.35:281][460]LogModuleManager: Shutting down and abandoning module ImageWriteQueue (162)
[2020.01.18-14.20.35:281][460]LogModuleManager: Shutting down and abandoning module ProfilerService (160)
[2020.01.18-14.20.35:410][460]LogModuleManager: Shutting down and abandoning module TaskGraph (158)
[2020.01.18-14.20.35:410][460]LogModuleManager: Shutting down and abandoning module SteamVRController (156)
[2020.01.18-14.20.35:410][460]LogModuleManager: Shutting down and abandoning module ProceduralMeshComponent (154)
[2020.01.18-14.20.35:410][460]LogModuleManager: Shutting down and abandoning module OculusInput (152)
[2020.01.18-14.20.35:410][460]LogModuleManager: Shutting down and abandoning module MobilePatchingUtils (150)
[2020.01.18-14.20.35:410][460]LogModuleManager: Shutting down and abandoning module CustomMeshComponent (148)
[2020.01.18-14.20.35:410][460]LogModuleManager: Shutting down and abandoning module CableComponent (146)
[2020.01.18-14.20.35:410][460]LogModuleManager: Shutting down and abandoning module AudioCapture (144)
[2020.01.18-14.20.35:410][460]LogModuleManager: Shutting down and abandoning module ArchVisCharacter (142)
[2020.01.18-14.20.35:410][460]LogModuleManager: Shutting down and abandoning module AndroidPermission (140)
[2020.01.18-14.20.35:410][460]LogModuleManager: Shutting down and abandoning module MediaCompositing (138)
[2020.01.18-14.20.35:410][460]LogModuleManager: Shutting down and abandoning module LinearTimecode (136)
[2020.01.18-14.20.35:410][460]LogModuleManager: Shutting down and abandoning module ImgMedia (134)
[2020.01.18-14.20.35:411][460]LogModuleManager: Shutting down and abandoning module HTML5Networking (132)
[2020.01.18-14.20.35:411][460]LogModuleManager: Shutting down and abandoning module BackChannel (130)
[2020.01.18-14.20.35:411][460]LogModuleManager: Shutting down and abandoning module AppleVision (128)
[2020.01.18-14.20.35:411][460]LogModuleManager: Shutting down and abandoning module AppleImageUtils (126)
[2020.01.18-14.20.35:411][460]LogModuleManager: Shutting down and abandoning module GeometryCacheTracks (124)
[2020.01.18-14.20.35:411][460]LogModuleManager: Shutting down and abandoning module GeometryCache (122)
[2020.01.18-14.20.35:411][460]LogModuleManager: Shutting down and abandoning module VariantManagerContent (120)
[2020.01.18-14.20.35:411][460]LogModuleManager: Shutting down and abandoning module EditableMesh (118)
[2020.01.18-14.20.35:412][460]LogModuleManager: Shutting down and abandoning module FPSGame (116)
[2020.01.18-14.20.35:412][460]LogModuleManager: Shutting down and abandoning module RuntimePhysXCooking (114)
[2020.01.18-14.20.35:412][460]LogModuleManager: Shutting down and abandoning module PhysXVehicles (112)
[2020.01.18-14.20.35:412][460]LogModuleManager: Shutting down and abandoning module LocationServicesBPLibrary (110)
[2020.01.18-14.20.35:412][460]LogModuleManager: Shutting down and abandoning module ActorSequence (108)
[2020.01.18-14.20.35:412][460]LogModuleManager: Shutting down and abandoning module UdpMessaging (106)
[2020.01.18-14.20.35:412][460]LogModuleManager: Shutting down and abandoning module TcpMessaging (104)
[2020.01.18-14.20.35:412][460]LogModuleManager: Shutting down and abandoning module FacialAnimation (102)
[2020.01.18-14.20.35:412][460]LogModuleManager: Shutting down and abandoning module LightPropagationVolumeRuntime (100)
[2020.01.18-14.20.35:412][460]LogModuleManager: Shutting down and abandoning module AISupportModule (98)
[2020.01.18-14.20.35:412][460]LogModuleManager: Shutting down and abandoning module Paper2D (96)
[2020.01.18-14.20.35:412][460]LogModuleManager: Shutting down and abandoning module WindowsMoviePlayer (94)
[2020.01.18-14.20.35:412][460]LogModuleManager: Shutting down and abandoning module WebMMoviePlayer (92)
[2020.01.18-14.20.35:412][460]LogModuleManager: Shutting down and abandoning module WmfMedia (90)
[2020.01.18-14.20.35:412][460]LogModuleManager: Shutting down and abandoning module Media (89)
[2020.01.18-14.20.35:418][460]LogModuleManager: Shutting down and abandoning module PacketHandler (86)
[2020.01.18-14.20.35:418][460]LogModuleManager: Shutting down and abandoning module ClothingSystemRuntime (84)
[2020.01.18-14.20.35:422][460]LogModuleManager: Shutting down and abandoning module MediaAssets (82)
[2020.01.18-14.20.35:422][460]LogModuleManager: Shutting down and abandoning module Overlay (80)
[2020.01.18-14.20.35:422][460]LogModuleManager: Shutting down and abandoning module UMG (78)
[2020.01.18-14.20.35:423][460]LogModuleManager: Shutting down and abandoning module SlateReflector (76)
[2020.01.18-14.20.35:423][460]LogModuleManager: Shutting down and abandoning module Slate (74)
[2020.01.18-14.20.35:423][460]LogModuleManager: Shutting down and abandoning module MRMesh (72)
[2020.01.18-14.20.35:423][460]LogModuleManager: Shutting down and abandoning module Messaging (70)
[2020.01.18-14.20.35:423][460]LogModuleManager: Shutting down and abandoning module HeadMountedDisplay (68)
[2020.01.18-14.20.35:423][460]LogModuleManager: Shutting down and abandoning module XAudio2 (66)
[2020.01.18-14.20.35:423][460]LogModuleManager: Shutting down and abandoning module Networking (64)
[2020.01.18-14.20.35:423][460]LogModuleManager: Shutting down and abandoning module Core (62)
[2020.01.18-14.20.35:423][460]LogModuleManager: Shutting down and abandoning module LevelSequence (60)
[2020.01.18-14.20.35:423][460]LogModuleManager: Shutting down and abandoning module ImageWrapper (56)
[2020.01.18-14.20.35:423][460]LogModuleManager: Shutting down and abandoning module InputCore (54)
[2020.01.18-14.20.35:423][460]LogModuleManager: Shutting down and abandoning module PhysXCooking (52)
[2020.01.18-14.20.35:423][460]LogModuleManager: Shutting down and abandoning module SteamVR (50)
[2020.01.18-14.20.35:423][460]LogHMD: Freeing OpenVRDLLHandle.
[2020.01.18-14.20.35:423][460]LogModuleManager: Shutting down and abandoning module OculusHMD (48)
[2020.01.18-14.20.35:423][460]LogModuleManager: Shutting down and abandoning module ExampleDeviceProfileSelector (46)
[2020.01.18-14.20.35:423][460]LogModuleManager: Shutting down and abandoning module LauncherChunkInstaller (44)
[2020.01.18-14.20.35:423][460]LogModuleManager: Shutting down and abandoning module OnlineSubsystem (40)
[2020.01.18-14.20.35:423][460]LogModuleManager: Shutting down and abandoning module HTTP (35)
[2020.01.18-14.20.35:456][460]LogModuleManager: Shutting down and abandoning module SSL (34)
[2020.01.18-14.20.35:456][460]LogModuleManager: Shutting down and abandoning module DatasmithContent (30)
[2020.01.18-14.20.35:457][460]LogModuleManager: Shutting down and abandoning module ShaderCore (28)
[2020.01.18-14.20.35:457][460]LogModuleManager: Shutting down and abandoning module Landscape (26)
[2020.01.18-14.20.35:457][460]LogModuleManager: Shutting down and abandoning module SlateRHIRenderer (24)
[2020.01.18-14.20.35:457][460]LogModuleManager: Shutting down and abandoning module OpenGLDrv (22)
[2020.01.18-14.20.35:457][460]LogModuleManager: Shutting down and abandoning module D3D11RHI (20)
[2020.01.18-14.20.35:457][460]LogModuleManager: Shutting down and abandoning module AnimGraphRuntime (18)
[2020.01.18-14.20.35:457][460]LogModuleManager: Shutting down and abandoning module Renderer (16)
[2020.01.18-14.20.35:457][460]LogModuleManager: Shutting down and abandoning module Engine (14)
[2020.01.18-14.20.35:457][460]LogModuleManager: Shutting down and abandoning module CoreUObject (12)
[2020.01.18-14.20.35:457][460]LogModuleManager: Shutting down and abandoning module NetworkFile (10)
[2020.01.18-14.20.35:457][460]LogModuleManager: Shutting down and abandoning module CookedIterativeFile (8)
[2020.01.18-14.20.35:457][460]LogModuleManager: Shutting down and abandoning module StreamingFile (6)
[2020.01.18-14.20.35:457][460]LogModuleManager: Shutting down and abandoning module SandboxFile (4)
[2020.01.18-14.20.35:457][460]LogModuleManager: Shutting down and abandoning module PakFile (2)
[2020.01.18-14.20.35:459][460]LogExit: Exiting.
[2020.01.18-14.20.35:465][460]Log file closed, 01/18/20 19:50:35
